{"meta": {"format": 3, "version": "7.14.0", "timestamp": "2026-05-27T07:31:06.365951", "branch_coverage": false, "show_contexts": false}, "files": {"app/__init__.py": {"executed_lines": [], "summary": {"covered_lines": 0, "num_statements": 0, "percent_covered": 100.0, "percent_covered_display": "100", "missing_lines": 0, "excluded_lines": 0, "percent_statements_covered": 100.0, "percent_statements_covered_display": "100"}, "missing_lines": [], "excluded_lines": [], "functions": {"": {"executed_lines": [], "summary": {"covered_lines": 0, "num_statements": 0, "percent_covered": 100.0, "percent_covered_display": "100", "missing_lines": 0, "excluded_lines": 0, "percent_statements_covered": 100.0, "percent_statements_covered_display": "100"}, "missing_lines": [], "excluded_lines": [], "start_line": 1}}, "classes": {"": {"executed_lines": [], "summary": {"covered_lines": 0, "num_statements": 0, "percent_covered": 100.0, "percent_covered_display": "100", "missing_lines": 0, "excluded_lines": 0, "percent_statements_covered": 100.0, "percent_statements_covered_display": "100"}, "missing_lines": [], "excluded_lines": [], "start_line": 1}}}, "app/api/__init__.py": {"executed_lines": [], "summary": {"covered_lines": 0, "num_statements": 0, "percent_covered": 100.0, "percent_covered_display": "100", "missing_lines": 0, "excluded_lines": 0, "percent_statements_covered": 100.0, "percent_statements_covered_display": "100"}, "missing_lines": [], "excluded_lines": [], "functions": {"": {"executed_lines": [], "summary": {"covered_lines": 0, "num_statements": 0, "percent_covered": 100.0, "percent_covered_display": "100", "missing_lines": 0, "excluded_lines": 0, "percent_statements_covered": 100.0, "percent_statements_covered_display": "100"}, "missing_lines": [], "excluded_lines": [], "start_line": 1}}, "classes": {"": {"executed_lines": [], "summary": {"covered_lines": 0, "num_statements": 0, "percent_covered": 100.0, "percent_covered_display": "100", "missing_lines": 0, "excluded_lines": 0, "percent_statements_covered": 100.0, "percent_statements_covered_display": "100"}, "missing_lines": [], "excluded_lines": [], "start_line": 1}}}, "app/api/charge.py": {"executed_lines": [12, 14, 15, 17, 18, 19, 20, 21, 23, 26, 45, 50, 60, 61, 78, 84, 102, 109, 110, 116, 122, 123, 134, 146, 158, 170, 171, 172], "summary": {"covered_lines": 28, "num_statements": 62, "percent_covered": 45.16129032258065, "percent_covered_display": "45", "missing_lines": 34, "excluded_lines": 0, "percent_statements_covered": 45.16129032258065, "percent_statements_covered_display": "45"}, "missing_lines": [70, 71, 72, 73, 74, 75, 93, 94, 97, 98, 99, 111, 112, 113, 124, 125, 126, 147, 148, 149, 150, 151, 152, 153, 154, 155, 173, 174, 175, 176, 177, 178, 179, 180], "excluded_lines": [], "functions": {"create_charge": {"executed_lines": [50, 60, 61], "summary": {"covered_lines": 3, "num_statements": 9, "percent_covered": 33.333333333333336, "percent_covered_display": "33", "missing_lines": 6, "excluded_lines": 0, "percent_statements_covered": 33.333333333333336, "percent_statements_covered_display": "33"}, "missing_lines": [70, 71, 72, 73, 74, 75], "excluded_lines": [], "start_line": 45}, "list_charges": {"executed_lines": [], "summary": {"covered_lines": 0, "num_statements": 5, "percent_covered": 0.0, "percent_covered_display": "0", "missing_lines": 5, "excluded_lines": 0, "percent_statements_covered": 0.0, "percent_statements_covered_display": "0"}, "missing_lines": [93, 94, 97, 98, 99], "excluded_lines": [], "start_line": 84}, "get_charge": {"executed_lines": [110], "summary": {"covered_lines": 1, "num_statements": 4, "percent_covered": 25.0, "percent_covered_display": "25", "missing_lines": 3, "excluded_lines": 0, "percent_statements_covered": 25.0, "percent_statements_covered_display": "25"}, "missing_lines": [111, 112, 113], "excluded_lines": [], "start_line": 109}, "get_charge_status": {"executed_lines": [123], "summary": {"covered_lines": 1, "num_statements": 4, "percent_covered": 25.0, "percent_covered_display": "25", "missing_lines": 3, "excluded_lines": 0, "percent_statements_covered": 25.0, "percent_statements_covered_display": "25"}, "missing_lines": [124, 125, 126], "excluded_lines": [], "start_line": 122}, "refresh_qr": {"executed_lines": [], "summary": {"covered_lines": 0, "num_statements": 9, "percent_covered": 0.0, "percent_covered_display": "0", "missing_lines": 9, "excluded_lines": 0, "percent_statements_covered": 0.0, "percent_statements_covered_display": "0"}, "missing_lines": [147, 148, 149, 150, 151, 152, 153, 154, 155], "excluded_lines": [], "start_line": 146}, "cancel_charge": {"executed_lines": [171, 172], "summary": {"covered_lines": 2, "num_statements": 10, "percent_covered": 20.0, "percent_covered_display": "20", "missing_lines": 8, "excluded_lines": 0, "percent_statements_covered": 20.0, "percent_statements_covered_display": "20"}, "missing_lines": [173, 174, 175, 176, 177, 178, 179, 180], "excluded_lines": [], "start_line": 170}, "": {"executed_lines": [12, 14, 15, 17, 18, 19, 20, 21, 23, 26, 45, 78, 84, 102, 109, 116, 122, 134, 146, 158, 170], "summary": {"covered_lines": 21, "num_statements": 21, "percent_covered": 100.0, "percent_covered_display": "100", "missing_lines": 0, "excluded_lines": 0, "percent_statements_covered": 100.0, "percent_statements_covered_display": "100"}, "missing_lines": [], "excluded_lines": [], "start_line": 1}}, "classes": {"": {"executed_lines": [12, 14, 15, 17, 18, 19, 20, 21, 23, 26, 45, 50, 60, 61, 78, 84, 102, 109, 110, 116, 122, 123, 134, 146, 158, 170, 171, 172], "summary": {"covered_lines": 28, "num_statements": 62, "percent_covered": 45.16129032258065, "percent_covered_display": "45", "missing_lines": 34, "excluded_lines": 0, "percent_statements_covered": 45.16129032258065, "percent_statements_covered_display": "45"}, "missing_lines": [70, 71, 72, 73, 74, 75, 93, 94, 97, 98, 99, 111, 112, 113, 124, 125, 126, 147, 148, 149, 150, 151, 152, 153, 154, 155, 173, 174, 175, 176, 177, 178, 179, 180], "excluded_lines": [], "start_line": 1}}}, "app/api/config.py": {"executed_lines": [3, 5, 6, 7, 9, 10, 11, 12, 13, 24, 26, 32, 38, 47, 54, 76, 90, 124, 153, 162, 189, 201, 215, 221], "summary": {"covered_lines": 24, "num_statements": 73, "percent_covered": 32.87671232876713, "percent_covered_display": "33", "missing_lines": 49, "excluded_lines": 0, "percent_statements_covered": 32.87671232876713, "percent_statements_covered_display": "33"}, "missing_lines": [40, 41, 42, 56, 57, 58, 59, 65, 66, 67, 98, 99, 100, 101, 102, 105, 106, 107, 108, 109, 110, 111, 112, 113, 130, 131, 132, 137, 138, 164, 165, 166, 167, 168, 169, 170, 171, 172, 174, 175, 177, 203, 204, 205, 206, 207, 208, 209, 223], "excluded_lines": [], "functions": {"set_external_url": {"executed_lines": [], "summary": {"covered_lines": 0, "num_statements": 3, "percent_covered": 0.0, "percent_covered_display": "0", "missing_lines": 3, "excluded_lines": 0, "percent_statements_covered": 0.0, "percent_statements_covered_display": "0"}, "missing_lines": [40, 41, 42], "excluded_lines": [], "start_line": 38}, "verify_external_url": {"executed_lines": [], "summary": {"covered_lines": 0, "num_statements": 7, "percent_covered": 0.0, "percent_covered_display": "0", "missing_lines": 7, "excluded_lines": 0, "percent_statements_covered": 0.0, "percent_statements_covered_display": "0"}, "missing_lines": [56, 57, 58, 59, 65, 66, 67], "excluded_lines": [], "start_line": 54}, "set_internal_url": {"executed_lines": [], "summary": {"covered_lines": 0, "num_statements": 14, "percent_covered": 0.0, "percent_covered_display": "0", "missing_lines": 14, "excluded_lines": 0, "percent_statements_covered": 0.0, "percent_statements_covered_display": "0"}, "missing_lines": [98, 99, 100, 101, 102, 105, 106, 107, 108, 109, 110, 111, 112, 113], "excluded_lines": [], "start_line": 90}, "_instructions_html": {"executed_lines": [], "summary": {"covered_lines": 0, "num_statements": 5, "percent_covered": 0.0, "percent_covered_display": "0", "missing_lines": 5, "excluded_lines": 0, "percent_statements_covered": 0.0, "percent_statements_covered_display": "0"}, "missing_lines": [130, 131, 132, 137, 138], "excluded_lines": [], "start_line": 124}, "set_api_key": {"executed_lines": [], "summary": {"covered_lines": 0, "num_statements": 12, "percent_covered": 0.0, "percent_covered_display": "0", "missing_lines": 12, "excluded_lines": 0, "percent_statements_covered": 0.0, "percent_statements_covered_display": "0"}, "missing_lines": [164, 165, 166, 167, 168, 169, 170, 171, 172, 174, 175, 177], "excluded_lines": [], "start_line": 162}, "confirm_api_key": {"executed_lines": [], "summary": {"covered_lines": 0, "num_statements": 7, "percent_covered": 0.0, "percent_covered_display": "0", "missing_lines": 7, "excluded_lines": 0, "percent_statements_covered": 0.0, "percent_statements_covered_display": "0"}, "missing_lines": [203, 204, 205, 206, 207, 208, 209], "excluded_lines": [], "start_line": 201}, "get_status": {"executed_lines": [], "summary": {"covered_lines": 0, "num_statements": 1, "percent_covered": 0.0, "percent_covered_display": "0", "missing_lines": 1, "excluded_lines": 0, "percent_statements_covered": 0.0, "percent_statements_covered_display": "0"}, "missing_lines": [223], "excluded_lines": [], "start_line": 221}, "": {"executed_lines": [3, 5, 6, 7, 9, 10, 11, 12, 13, 24, 26, 32, 38, 47, 54, 76, 90, 124, 153, 162, 189, 201, 215, 221], "summary": {"covered_lines": 24, "num_statements": 24, "percent_covered": 100.0, "percent_covered_display": "100", "missing_lines": 0, "excluded_lines": 0, "percent_statements_covered": 100.0, "percent_statements_covered_display": "100"}, "missing_lines": [], "excluded_lines": [], "start_line": 1}}, "classes": {"": {"executed_lines": [3, 5, 6, 7, 9, 10, 11, 12, 13, 24, 26, 32, 38, 47, 54, 76, 90, 124, 153, 162, 189, 201, 215, 221], "summary": {"covered_lines": 24, "num_statements": 73, "percent_covered": 32.87671232876713, "percent_covered_display": "33", "missing_lines": 49, "excluded_lines": 0, "percent_statements_covered": 32.87671232876713, "percent_statements_covered_display": "33"}, "missing_lines": [40, 41, 42, 56, 57, 58, 59, 65, 66, 67, 98, 99, 100, 101, 102, 105, 106, 107, 108, 109, 110, 111, 112, 113, 130, 131, 132, 137, 138, 164, 165, 166, 167, 168, 169, 170, 171, 172, 174, 175, 177, 203, 204, 205, 206, 207, 208, 209, 223], "excluded_lines": [], "start_line": 1}}}, "app/api/payment.py": {"executed_lines": [18, 20, 21, 22, 24, 25, 26, 27, 29, 35, 36, 37, 38, 41, 44, 45, 46, 51, 54, 57, 58, 59, 62, 67, 68, 80, 81, 95, 96, 106, 107, 119, 120, 122, 134, 135, 136, 139, 142, 147, 157, 164, 170, 171, 184, 193, 199, 200, 216, 229, 235, 236, 243, 244, 245, 249, 255, 257, 260, 275, 298, 304, 313, 314, 315, 316, 320, 354, 358, 363, 364, 367, 379, 381, 382, 392, 406, 408, 409, 419, 426, 427], "summary": {"covered_lines": 82, "num_statements": 122, "percent_covered": 67.21311475409836, "percent_covered_display": "67", "missing_lines": 40, "excluded_lines": 0, "percent_statements_covered": 67.21311475409836, "percent_statements_covered_display": "67"}, "missing_lines": [137, 138, 148, 149, 150, 151, 178, 179, 180, 181, 210, 211, 212, 213, 246, 281, 282, 292, 293, 294, 295, 317, 355, 383, 384, 385, 386, 387, 388, 389, 410, 411, 412, 413, 414, 415, 416, 428, 429, 430], "excluded_lines": [], "functions": {"_submit_bg": {"executed_lines": [135, 136, 139], "summary": {"covered_lines": 3, "num_statements": 5, "percent_covered": 60.0, "percent_covered_display": "60", "missing_lines": 2, "excluded_lines": 0, "percent_statements_covered": 60.0, "percent_statements_covered_display": "60"}, "missing_lines": [137, 138], "excluded_lines": [], "start_line": 134}, "_create_and_respond": {"executed_lines": [147], "summary": {"covered_lines": 1, "num_statements": 5, "percent_covered": 20.0, "percent_covered_display": "20", "missing_lines": 4, "excluded_lines": 0, "percent_statements_covered": 20.0, "percent_statements_covered_display": "20"}, "missing_lines": [148, 149, 150, 151], "excluded_lines": [], "start_line": 142}, "create_pixkey_imediate": {"executed_lines": [170, 171], "summary": {"covered_lines": 2, "num_statements": 6, "percent_covered": 33.333333333333336, "percent_covered_display": "33", "missing_lines": 4, "excluded_lines": 0, "percent_statements_covered": 33.333333333333336, "percent_statements_covered_display": "33"}, "missing_lines": [178, 179, 180, 181], "excluded_lines": [], "start_line": 164}, "create_pixkey_scheduled": {"executed_lines": [199, 200], "summary": {"covered_lines": 2, "num_statements": 6, "percent_covered": 33.333333333333336, "percent_covered_display": "33", "missing_lines": 4, "excluded_lines": 0, "percent_statements_covered": 33.333333333333336, "percent_statements_covered_display": "33"}, "missing_lines": [210, 211, 212, 213], "excluded_lines": [], "start_line": 193}, "create_qrcode_imediate": {"executed_lines": [235, 236, 243, 244, 245], "summary": {"covered_lines": 5, "num_statements": 6, "percent_covered": 83.33333333333333, "percent_covered_display": "83", "missing_lines": 1, "excluded_lines": 0, "percent_statements_covered": 83.33333333333333, "percent_statements_covered_display": "83"}, "missing_lines": [246], "excluded_lines": [], "start_line": 229}, "analyze_qrcode": {"executed_lines": [257], "summary": {"covered_lines": 1, "num_statements": 1, "percent_covered": 100.0, "percent_covered_display": "100", "missing_lines": 0, "excluded_lines": 0, "percent_statements_covered": 100.0, "percent_statements_covered_display": "100"}, "missing_lines": [], "excluded_lines": [], "start_line": 255}, "create_qrcode_scheduled": {"executed_lines": [], "summary": {"covered_lines": 0, "num_statements": 6, "percent_covered": 0.0, "percent_covered_display": "0", "missing_lines": 6, "excluded_lines": 0, "percent_statements_covered": 0.0, "percent_statements_covered_display": "0"}, "missing_lines": [281, 282, 292, 293, 294, 295], "excluded_lines": [], "start_line": 275}, "list_payments": {"executed_lines": [313, 314, 315, 316], "summary": {"covered_lines": 4, "num_statements": 5, "percent_covered": 80.0, "percent_covered_display": "80", "missing_lines": 1, "excluded_lines": 0, "percent_statements_covered": 80.0, "percent_statements_covered_display": "80"}, "missing_lines": [317], "excluded_lines": [], "start_line": 304}, "list_awaiting_balance": {"executed_lines": [], "summary": {"covered_lines": 0, "num_statements": 1, "percent_covered": 0.0, "percent_covered_display": "0", "missing_lines": 1, "excluded_lines": 0, "percent_statements_covered": 0.0, "percent_statements_covered_display": "0"}, "missing_lines": [355], "excluded_lines": [], "start_line": 354}, "sum_awaiting_balance": {"executed_lines": [364], "summary": {"covered_lines": 1, "num_statements": 1, "percent_covered": 100.0, "percent_covered_display": "100", "missing_lines": 0, "excluded_lines": 0, "percent_statements_covered": 100.0, "percent_statements_covered_display": "100"}, "missing_lines": [], "excluded_lines": [], "start_line": 363}, "cancel_payment": {"executed_lines": [381, 382], "summary": {"covered_lines": 2, "num_statements": 9, "percent_covered": 22.22222222222222, "percent_covered_display": "22", "missing_lines": 7, "excluded_lines": 0, "percent_statements_covered": 22.22222222222222, "percent_statements_covered_display": "22"}, "missing_lines": [383, 384, 385, 386, 387, 388, 389], "excluded_lines": [], "start_line": 379}, "delete_payment": {"executed_lines": [408, 409], "summary": {"covered_lines": 2, "num_statements": 9, "percent_covered": 22.22222222222222, "percent_covered_display": "22", "missing_lines": 7, "excluded_lines": 0, "percent_statements_covered": 22.22222222222222, "percent_statements_covered_display": "22"}, "missing_lines": [410, 411, 412, 413, 414, 415, 416], "excluded_lines": [], "start_line": 406}, "get_payment": {"executed_lines": [427], "summary": {"covered_lines": 1, "num_statements": 4, "percent_covered": 25.0, "percent_covered_display": "25", "missing_lines": 3, "excluded_lines": 0, "percent_statements_covered": 25.0, "percent_statements_covered_display": "25"}, "missing_lines": [428, 429, 430], "excluded_lines": [], "start_line": 426}, "": {"executed_lines": [18, 20, 21, 22, 24, 25, 26, 27, 29, 35, 36, 37, 38, 41, 44, 45, 46, 51, 54, 57, 58, 59, 62, 67, 68, 80, 81, 95, 96, 106, 107, 119, 120, 122, 134, 142, 157, 164, 184, 193, 216, 229, 249, 255, 260, 275, 298, 304, 320, 354, 358, 363, 367, 379, 392, 406, 419, 426], "summary": {"covered_lines": 58, "num_statements": 58, "percent_covered": 100.0, "percent_covered_display": "100", "missing_lines": 0, "excluded_lines": 0, "percent_statements_covered": 100.0, "percent_statements_covered_display": "100"}, "missing_lines": [], "excluded_lines": [], "start_line": 1}}, "classes": {"_PixkeyBase": {"executed_lines": [], "summary": {"covered_lines": 0, "num_statements": 0, "percent_covered": 100.0, "percent_covered_display": "100", "missing_lines": 0, "excluded_lines": 0, "percent_statements_covered": 100.0, "percent_statements_covered_display": "100"}, "missing_lines": [], "excluded_lines": [], "start_line": 35}, "_QRCodeBase": {"executed_lines": [], "summary": {"covered_lines": 0, "num_statements": 0, "percent_covered": 100.0, "percent_covered_display": "100", "missing_lines": 0, "excluded_lines": 0, "percent_statements_covered": 100.0, "percent_statements_covered_display": "100"}, "missing_lines": [], "excluded_lines": [], "start_line": 44}, "_ScheduledMixin": {"executed_lines": [], "summary": {"covered_lines": 0, "num_statements": 0, "percent_covered": 100.0, "percent_covered_display": "100", "missing_lines": 0, "excluded_lines": 0, "percent_statements_covered": 100.0, "percent_statements_covered_display": "100"}, "missing_lines": [], "excluded_lines": [], "start_line": 57}, "PixkeyImediateRequest": {"executed_lines": [], "summary": {"covered_lines": 0, "num_statements": 0, "percent_covered": 100.0, "percent_covered_display": "100", "missing_lines": 0, "excluded_lines": 0, "percent_statements_covered": 100.0, "percent_statements_covered_display": "100"}, "missing_lines": [], "excluded_lines": [], "start_line": 67}, "PixkeyScheduledRequest": {"executed_lines": [], "summary": {"covered_lines": 0, "num_statements": 0, "percent_covered": 100.0, "percent_covered_display": "100", "missing_lines": 0, "excluded_lines": 0, "percent_statements_covered": 100.0, "percent_statements_covered_display": "100"}, "missing_lines": [], "excluded_lines": [], "start_line": 80}, "QRCodeImediateRequest": {"executed_lines": [], "summary": {"covered_lines": 0, "num_statements": 0, "percent_covered": 100.0, "percent_covered_display": "100", "missing_lines": 0, "excluded_lines": 0, "percent_statements_covered": 100.0, "percent_statements_covered_display": "100"}, "missing_lines": [], "excluded_lines": [], "start_line": 95}, "QRCodeScheduledRequest": {"executed_lines": [], "summary": {"covered_lines": 0, "num_statements": 0, "percent_covered": 100.0, "percent_covered_display": "100", "missing_lines": 0, "excluded_lines": 0, "percent_statements_covered": 100.0, "percent_statements_covered_display": "100"}, "missing_lines": [], "excluded_lines": [], "start_line": 106}, "QRCodeAnalyzeRequest": {"executed_lines": [], "summary": {"covered_lines": 0, "num_statements": 0, "percent_covered": 100.0, "percent_covered_display": "100", "missing_lines": 0, "excluded_lines": 0, "percent_statements_covered": 100.0, "percent_statements_covered_display": "100"}, "missing_lines": [], "excluded_lines": [], "start_line": 119}, "": {"executed_lines": [18, 20, 21, 22, 24, 25, 26, 27, 29, 35, 36, 37, 38, 41, 44, 45, 46, 51, 54, 57, 58, 59, 62, 67, 68, 80, 81, 95, 96, 106, 107, 119, 120, 122, 134, 135, 136, 139, 142, 147, 157, 164, 170, 171, 184, 193, 199, 200, 216, 229, 235, 236, 243, 244, 245, 249, 255, 257, 260, 275, 298, 304, 313, 314, 315, 316, 320, 354, 358, 363, 364, 367, 379, 381, 382, 392, 406, 408, 409, 419, 426, 427], "summary": {"covered_lines": 82, "num_statements": 122, "percent_covered": 67.21311475409836, "percent_covered_display": "67", "missing_lines": 40, "excluded_lines": 0, "percent_statements_covered": 67.21311475409836, "percent_statements_covered_display": "67"}, "missing_lines": [137, 138, 148, 149, 150, 151, 178, 179, 180, 181, 210, 211, 212, 213, 246, 281, 282, 292, 293, 294, 295, 317, 355, 383, 384, 385, 386, 387, 388, 389, 410, 411, 412, 413, 414, 415, 416, 428, 429, 430], "excluded_lines": [], "start_line": 1}}}, "app/api/pixkey.py": {"executed_lines": [3, 5, 6, 7, 9, 10, 11, 13, 16, 17, 20, 23, 24, 26, 38, 59, 61, 62, 63, 64, 65, 70, 76, 81, 84, 91, 93, 94, 99, 106, 107, 113, 120, 121], "summary": {"covered_lines": 34, "num_statements": 45, "percent_covered": 75.55555555555556, "percent_covered_display": "76", "missing_lines": 11, "excluded_lines": 0, "percent_statements_covered": 75.55555555555556, "percent_statements_covered_display": "76"}, "missing_lines": [66, 67, 95, 96, 108, 109, 110, 122, 123, 124, 125], "excluded_lines": [], "functions": {"create": {"executed_lines": [61, 62, 63, 64, 65], "summary": {"covered_lines": 5, "num_statements": 7, "percent_covered": 71.42857142857143, "percent_covered_display": "71", "missing_lines": 2, "excluded_lines": 0, "percent_statements_covered": 71.42857142857143, "percent_statements_covered_display": "71"}, "missing_lines": [66, 67], "excluded_lines": [], "start_line": 59}, "list_keys": {"executed_lines": [81], "summary": {"covered_lines": 1, "num_statements": 1, "percent_covered": 100.0, "percent_covered_display": "100", "missing_lines": 0, "excluded_lines": 0, "percent_statements_covered": 100.0, "percent_statements_covered_display": "100"}, "missing_lines": [], "excluded_lines": [], "start_line": 76}, "check_key": {"executed_lines": [93, 94], "summary": {"covered_lines": 2, "num_statements": 4, "percent_covered": 50.0, "percent_covered_display": "50", "missing_lines": 2, "excluded_lines": 0, "percent_statements_covered": 50.0, "percent_statements_covered_display": "50"}, "missing_lines": [95, 96], "excluded_lines": [], "start_line": 91}, "get_key": {"executed_lines": [107], "summary": {"covered_lines": 1, "num_statements": 4, "percent_covered": 25.0, "percent_covered_display": "25", "missing_lines": 3, "excluded_lines": 0, "percent_statements_covered": 25.0, "percent_statements_covered_display": "25"}, "missing_lines": [108, 109, 110], "excluded_lines": [], "start_line": 106}, "delete_key": {"executed_lines": [121], "summary": {"covered_lines": 1, "num_statements": 5, "percent_covered": 20.0, "percent_covered_display": "20", "missing_lines": 4, "excluded_lines": 0, "percent_statements_covered": 20.0, "percent_statements_covered_display": "20"}, "missing_lines": [122, 123, 124, 125], "excluded_lines": [], "start_line": 120}, "": {"executed_lines": [3, 5, 6, 7, 9, 10, 11, 13, 16, 17, 20, 23, 24, 26, 38, 59, 70, 76, 84, 91, 99, 106, 113, 120], "summary": {"covered_lines": 24, "num_statements": 24, "percent_covered": 100.0, "percent_covered_display": "100", "missing_lines": 0, "excluded_lines": 0, "percent_statements_covered": 100.0, "percent_statements_covered_display": "100"}, "missing_lines": [], "excluded_lines": [], "start_line": 1}}, "classes": {"CreatePixKeyRequest": {"executed_lines": [], "summary": {"covered_lines": 0, "num_statements": 0, "percent_covered": 100.0, "percent_covered_display": "100", "missing_lines": 0, "excluded_lines": 0, "percent_statements_covered": 100.0, "percent_statements_covered_display": "100"}, "missing_lines": [], "excluded_lines": [], "start_line": 16}, "": {"executed_lines": [3, 5, 6, 7, 9, 10, 11, 13, 16, 17, 20, 23, 24, 26, 38, 59, 61, 62, 63, 64, 65, 70, 76, 81, 84, 91, 93, 94, 99, 106, 107, 113, 120, 121], "summary": {"covered_lines": 34, "num_statements": 45, "percent_covered": 75.55555555555556, "percent_covered_display": "76", "missing_lines": 11, "excluded_lines": 0, "percent_statements_covered": 75.55555555555556, "percent_statements_covered_display": "76"}, "missing_lines": [66, 67, 95, 96, 108, 109, 110, 122, 123, 124, 125], "excluded_lines": [], "start_line": 1}}}, "app/api/router.py": {"executed_lines": [3, 5, 6, 7, 8, 9, 11, 12, 13, 14, 15, 18, 19], "summary": {"covered_lines": 13, "num_statements": 13, "percent_covered": 100.0, "percent_covered_display": "100", "missing_lines": 0, "excluded_lines": 0, "percent_statements_covered": 100.0, "percent_statements_covered_display": "100"}, "missing_lines": [], "excluded_lines": [], "functions": {"": {"executed_lines": [3, 5, 6, 7, 8, 9, 11, 12, 13, 14, 15, 18, 19], "summary": {"covered_lines": 13, "num_statements": 13, "percent_covered": 100.0, "percent_covered_display": "100", "missing_lines": 0, "excluded_lines": 0, "percent_statements_covered": 100.0, "percent_statements_covered_display": "100"}, "missing_lines": [], "excluded_lines": [], "start_line": 1}}, "classes": {"": {"executed_lines": [3, 5, 6, 7, 8, 9, 11, 12, 13, 14, 15, 18, 19], "summary": {"covered_lines": 13, "num_statements": 13, "percent_covered": 100.0, "percent_covered_display": "100", "missing_lines": 0, "excluded_lines": 0, "percent_statements_covered": 100.0, "percent_statements_covered_display": "100"}, "missing_lines": [], "excluded_lines": [], "start_line": 1}}}, "app/api/webhook.py": {"executed_lines": [3, 5, 7, 8, 10, 11, 12, 13, 14, 15, 16, 17, 18, 20, 23, 24, 29, 37, 50, 55, 60, 72], "summary": {"covered_lines": 22, "num_statements": 43, "percent_covered": 51.16279069767442, "percent_covered_display": "51", "missing_lines": 21, "excluded_lines": 0, "percent_statements_covered": 51.16279069767442, "percent_statements_covered_display": "51"}, "missing_lines": [25, 26, 51, 52, 73, 74, 76, 82, 83, 85, 86, 87, 88, 90, 93, 94, 95, 102, 103, 105, 106], "excluded_lines": [], "functions": {"_check_token": {"executed_lines": [24], "summary": {"covered_lines": 1, "num_statements": 3, "percent_covered": 33.333333333333336, "percent_covered_display": "33", "missing_lines": 2, "excluded_lines": 0, "percent_statements_covered": 33.333333333333336, "percent_statements_covered_display": "33"}, "missing_lines": [25, 26], "excluded_lines": [], "start_line": 23}, "security_validator": {"executed_lines": [50], "summary": {"covered_lines": 1, "num_statements": 3, "percent_covered": 33.333333333333336, "percent_covered_display": "33", "missing_lines": 2, "excluded_lines": 0, "percent_statements_covered": 33.333333333333336, "percent_statements_covered_display": "33"}, "missing_lines": [51, 52], "excluded_lines": [], "start_line": 37}, "receive_webhook": {"executed_lines": [72], "summary": {"covered_lines": 1, "num_statements": 18, "percent_covered": 5.555555555555555, "percent_covered_display": "6", "missing_lines": 17, "excluded_lines": 0, "percent_statements_covered": 5.555555555555555, "percent_statements_covered_display": "6"}, "missing_lines": [73, 74, 76, 82, 83, 85, 86, 87, 88, 90, 93, 94, 95, 102, 103, 105, 106], "excluded_lines": [], "start_line": 60}, "": {"executed_lines": [3, 5, 7, 8, 10, 11, 12, 13, 14, 15, 16, 17, 18, 20, 23, 29, 37, 55, 60], "summary": {"covered_lines": 19, "num_statements": 19, "percent_covered": 100.0, "percent_covered_display": "100", "missing_lines": 0, "excluded_lines": 0, "percent_statements_covered": 100.0, "percent_statements_covered_display": "100"}, "missing_lines": [], "excluded_lines": [], "start_line": 1}}, "classes": {"": {"executed_lines": [3, 5, 7, 8, 10, 11, 12, 13, 14, 15, 16, 17, 18, 20, 23, 24, 29, 37, 50, 55, 60, 72], "summary": {"covered_lines": 22, "num_statements": 43, "percent_covered": 51.16279069767442, "percent_covered_display": "51", "missing_lines": 21, "excluded_lines": 0, "percent_statements_covered": 51.16279069767442, "percent_statements_covered_display": "51"}, "missing_lines": [25, 26, 51, 52, 73, 74, 76, 82, 83, 85, 86, 87, 88, 90, 93, 94, 95, 102, 103, 105, 106], "excluded_lines": [], "start_line": 1}}}, "app/config.py": {"executed_lines": [8, 10, 11, 14, 15, 23, 24, 27, 29, 35, 36, 37, 38, 39, 42, 45, 50, 53, 56, 59, 63, 95, 96, 98], "summary": {"covered_lines": 24, "num_statements": 24, "percent_covered": 100.0, "percent_covered_display": "100", "missing_lines": 0, "excluded_lines": 0, "percent_statements_covered": 100.0, "percent_statements_covered_display": "100"}, "missing_lines": [], "excluded_lines": [], "functions": {"get_settings": {"executed_lines": [98], "summary": {"covered_lines": 1, "num_statements": 1, "percent_covered": 100.0, "percent_covered_display": "100", "missing_lines": 0, "excluded_lines": 0, "percent_statements_covered": 100.0, "percent_statements_covered_display": "100"}, "missing_lines": [], "excluded_lines": [], "start_line": 96}, "": {"executed_lines": [8, 10, 11, 14, 15, 23, 24, 27, 29, 35, 36, 37, 38, 39, 42, 45, 50, 53, 56, 59, 63, 95, 96], "summary": {"covered_lines": 23, "num_statements": 23, "percent_covered": 100.0, "percent_covered_display": "100", "missing_lines": 0, "excluded_lines": 0, "percent_statements_covered": 100.0, "percent_statements_covered_display": "100"}, "missing_lines": [], "excluded_lines": [], "start_line": 1}}, "classes": {"Settings": {"executed_lines": [], "summary": {"covered_lines": 0, "num_statements": 0, "percent_covered": 100.0, "percent_covered_display": "100", "missing_lines": 0, "excluded_lines": 0, "percent_statements_covered": 100.0, "percent_statements_covered_display": "100"}, "missing_lines": [], "excluded_lines": [], "start_line": 14}, "": {"executed_lines": [8, 10, 11, 14, 15, 23, 24, 27, 29, 35, 36, 37, 38, 39, 42, 45, 50, 53, 56, 59, 63, 95, 96, 98], "summary": {"covered_lines": 24, "num_statements": 24, "percent_covered": 100.0, "percent_covered_display": "100", "missing_lines": 0, "excluded_lines": 0, "percent_statements_covered": 100.0, "percent_statements_covered_display": "100"}, "missing_lines": [], "excluded_lines": [], "start_line": 1}}}, "app/config_store.py": {"executed_lines": [9, 11, 12, 15, 16, 17, 18, 19, 24, 25, 26, 27, 29, 30, 38, 46, 47, 48, 51, 52, 53, 54, 55, 58, 61, 72, 84, 109], "summary": {"covered_lines": 28, "num_statements": 57, "percent_covered": 49.12280701754386, "percent_covered_display": "49", "missing_lines": 29, "excluded_lines": 0, "percent_statements_covered": 49.12280701754386, "percent_statements_covered_display": "49"}, "missing_lines": [40, 41, 42, 43, 57, 62, 63, 64, 65, 93, 94, 95, 96, 97, 98, 99, 100, 101, 102, 103, 105, 106, 112, 113, 114, 115, 116, 117, 119], "excluded_lines": [], "functions": {"internal_url_key": {"executed_lines": [], "summary": {"covered_lines": 0, "num_statements": 4, "percent_covered": 0.0, "percent_covered_display": "0", "missing_lines": 4, "excluded_lines": 0, "percent_statements_covered": 0.0, "percent_statements_covered_display": "0"}, "missing_lines": [40, 41, 42, 43], "excluded_lines": [], "start_line": 38}, "get": {"executed_lines": [47, 48], "summary": {"covered_lines": 2, "num_statements": 2, "percent_covered": 100.0, "percent_covered_display": "100", "missing_lines": 0, "excluded_lines": 0, "percent_statements_covered": 100.0, "percent_statements_covered_display": "100"}, "missing_lines": [], "excluded_lines": [], "start_line": 46}, "set_": {"executed_lines": [52, 53, 54, 55, 58], "summary": {"covered_lines": 5, "num_statements": 6, "percent_covered": 83.33333333333333, "percent_covered_display": "83", "missing_lines": 1, "excluded_lines": 0, "percent_statements_covered": 83.33333333333333, "percent_statements_covered_display": "83"}, "missing_lines": [57], "excluded_lines": [], "start_line": 51}, "delete": {"executed_lines": [], "summary": {"covered_lines": 0, "num_statements": 4, "percent_covered": 0.0, "percent_covered_display": "0", "missing_lines": 4, "excluded_lines": 0, "percent_statements_covered": 0.0, "percent_statements_covered_display": "0"}, "missing_lines": [62, 63, 64, 65], "excluded_lines": [], "start_line": 61}, "seed_from_env": {"executed_lines": [], "summary": {"covered_lines": 0, "num_statements": 13, "percent_covered": 0.0, "percent_covered_display": "0", "missing_lines": 13, "excluded_lines": 0, "percent_statements_covered": 0.0, "percent_statements_covered_display": "0"}, "missing_lines": [93, 94, 95, 96, 97, 98, 99, 100, 101, 102, 103, 105, 106], "excluded_lines": [], "start_line": 84}, "all_status": {"executed_lines": [], "summary": {"covered_lines": 0, "num_statements": 2, "percent_covered": 0.0, "percent_covered_display": "0", "missing_lines": 2, "excluded_lines": 0, "percent_statements_covered": 0.0, "percent_statements_covered_display": "0"}, "missing_lines": [112, 119], "excluded_lines": [], "start_line": 109}, "all_status.mask": {"executed_lines": [], "summary": {"covered_lines": 0, "num_statements": 5, "percent_covered": 0.0, "percent_covered_display": "0", "missing_lines": 5, "excluded_lines": 0, "percent_statements_covered": 0.0, "percent_statements_covered_display": "0"}, "missing_lines": [113, 114, 115, 116, 117], "excluded_lines": [], "start_line": 112}, "": {"executed_lines": [9, 11, 12, 15, 16, 17, 18, 19, 24, 25, 26, 27, 29, 30, 38, 46, 51, 61, 72, 84, 109], "summary": {"covered_lines": 21, "num_statements": 21, "percent_covered": 100.0, "percent_covered_display": "100", "missing_lines": 0, "excluded_lines": 0, "percent_statements_covered": 100.0, "percent_statements_covered_display": "100"}, "missing_lines": [], "excluded_lines": [], "start_line": 1}}, "classes": {"": {"executed_lines": [9, 11, 12, 15, 16, 17, 18, 19, 24, 25, 26, 27, 29, 30, 38, 46, 47, 48, 51, 52, 53, 54, 55, 58, 61, 72, 84, 109], "summary": {"covered_lines": 28, "num_statements": 57, "percent_covered": 49.12280701754386, "percent_covered_display": "49", "missing_lines": 29, "excluded_lines": 0, "percent_statements_covered": 49.12280701754386, "percent_statements_covered_display": "49"}, "missing_lines": [40, 41, 42, 43, 57, 62, 63, 64, 65, 93, 94, 95, 96, 97, 98, 99, 100, 101, 102, 103, 105, 106, 112, 113, 114, 115, 116, 117, 119], "excluded_lines": [], "start_line": 1}}}, "app/db.py": {"executed_lines": [3, 4, 6, 7, 12, 14, 16, 18, 26, 29, 30, 33, 35, 38, 39, 42, 43, 44, 45, 46, 47, 48, 51], "summary": {"covered_lines": 23, "num_statements": 24, "percent_covered": 95.83333333333333, "percent_covered_display": "96", "missing_lines": 1, "excluded_lines": 0, "percent_statements_covered": 95.83333333333333, "percent_statements_covered_display": "96"}, "missing_lines": [52], "excluded_lines": [], "functions": {"utcnow": {"executed_lines": [35], "summary": {"covered_lines": 1, "num_statements": 1, "percent_covered": 100.0, "percent_covered_display": "100", "missing_lines": 0, "excluded_lines": 0, "percent_statements_covered": 100.0, "percent_statements_covered_display": "100"}, "missing_lines": [], "excluded_lines": [], "start_line": 33}, "get_session": {"executed_lines": [43, 44, 45, 46, 47, 48], "summary": {"covered_lines": 6, "num_statements": 6, "percent_covered": 100.0, "percent_covered_display": "100", "missing_lines": 0, "excluded_lines": 0, "percent_statements_covered": 100.0, "percent_statements_covered_display": "100"}, "missing_lines": [], "excluded_lines": [], "start_line": 42}, "close_db": {"executed_lines": [], "summary": {"covered_lines": 0, "num_statements": 1, "percent_covered": 0.0, "percent_covered_display": "0", "missing_lines": 1, "excluded_lines": 0, "percent_statements_covered": 0.0, "percent_statements_covered_display": "0"}, "missing_lines": [52], "excluded_lines": [], "start_line": 51}, "": {"executed_lines": [3, 4, 6, 7, 12, 14, 16, 18, 26, 29, 30, 33, 38, 39, 42, 51], "summary": {"covered_lines": 16, "num_statements": 16, "percent_covered": 100.0, "percent_covered_display": "100", "missing_lines": 0, "excluded_lines": 0, "percent_statements_covered": 100.0, "percent_statements_covered_display": "100"}, "missing_lines": [], "excluded_lines": [], "start_line": 1}}, "classes": {"Base": {"executed_lines": [], "summary": {"covered_lines": 0, "num_statements": 0, "percent_covered": 100.0, "percent_covered_display": "100", "missing_lines": 0, "excluded_lines": 0, "percent_statements_covered": 100.0, "percent_statements_covered_display": "100"}, "missing_lines": [], "excluded_lines": [], "start_line": 29}, "": {"executed_lines": [3, 4, 6, 7, 12, 14, 16, 18, 26, 29, 30, 33, 35, 38, 39, 42, 43, 44, 45, 46, 47, 48, 51], "summary": {"covered_lines": 23, "num_statements": 24, "percent_covered": 95.83333333333333, "percent_covered_display": "96", "missing_lines": 1, "excluded_lines": 0, "percent_statements_covered": 95.83333333333333, "percent_statements_covered_display": "96"}, "missing_lines": [52], "excluded_lines": [], "start_line": 1}}}, "app/exceptions.py": {"executed_lines": [9, 12, 13, 15, 16, 17, 20, 21, 22, 25, 26, 27, 30, 33, 36, 39], "summary": {"covered_lines": 16, "num_statements": 16, "percent_covered": 100.0, "percent_covered_display": "100", "missing_lines": 0, "excluded_lines": 0, "percent_statements_covered": 100.0, "percent_statements_covered_display": "100"}, "missing_lines": [], "excluded_lines": [], "functions": {"DomainError.__init__": {"executed_lines": [16, 17], "summary": {"covered_lines": 2, "num_statements": 2, "percent_covered": 100.0, "percent_covered_display": "100", "missing_lines": 0, "excluded_lines": 0, "percent_statements_covered": 100.0, "percent_statements_covered_display": "100"}, "missing_lines": [], "excluded_lines": [], "start_line": 15}, "": {"executed_lines": [9, 12, 13, 15, 20, 21, 22, 25, 26, 27, 30, 33, 36, 39], "summary": {"covered_lines": 14, "num_statements": 14, "percent_covered": 100.0, "percent_covered_display": "100", "missing_lines": 0, "excluded_lines": 0, "percent_statements_covered": 100.0, "percent_statements_covered_display": "100"}, "missing_lines": [], "excluded_lines": [], "start_line": 1}}, "classes": {"DomainError": {"executed_lines": [16, 17], "summary": {"covered_lines": 2, "num_statements": 2, "percent_covered": 100.0, "percent_covered_display": "100", "missing_lines": 0, "excluded_lines": 0, "percent_statements_covered": 100.0, "percent_statements_covered_display": "100"}, "missing_lines": [], "excluded_lines": [], "start_line": 9}, "NotFound": {"executed_lines": [], "summary": {"covered_lines": 0, "num_statements": 0, "percent_covered": 100.0, "percent_covered_display": "100", "missing_lines": 0, "excluded_lines": 0, "percent_statements_covered": 100.0, "percent_statements_covered_display": "100"}, "missing_lines": [], "excluded_lines": [], "start_line": 20}, "ValidationError": {"executed_lines": [], "summary": {"covered_lines": 0, "num_statements": 0, "percent_covered": 100.0, "percent_covered_display": "100", "missing_lines": 0, "excluded_lines": 0, "percent_statements_covered": 100.0, "percent_statements_covered_display": "100"}, "missing_lines": [], "excluded_lines": [], "start_line": 25}, "PixKeyError": {"executed_lines": [], "summary": {"covered_lines": 0, "num_statements": 0, "percent_covered": 100.0, "percent_covered_display": "100", "missing_lines": 0, "excluded_lines": 0, "percent_statements_covered": 100.0, "percent_statements_covered_display": "100"}, "missing_lines": [], "excluded_lines": [], "start_line": 30}, "PaymentError": {"executed_lines": [], "summary": {"covered_lines": 0, "num_statements": 0, "percent_covered": 100.0, "percent_covered_display": "100", "missing_lines": 0, "excluded_lines": 0, "percent_statements_covered": 100.0, "percent_statements_covered_display": "100"}, "missing_lines": [], "excluded_lines": [], "start_line": 36}, "": {"executed_lines": [9, 12, 13, 15, 20, 21, 22, 25, 26, 27, 30, 33, 36, 39], "summary": {"covered_lines": 14, "num_statements": 14, "percent_covered": 100.0, "percent_covered_display": "100", "missing_lines": 0, "excluded_lines": 0, "percent_statements_covered": 100.0, "percent_statements_covered_display": "100"}, "missing_lines": [], "excluded_lines": [], "start_line": 1}}}, "app/integrations/__init__.py": {"executed_lines": [], "summary": {"covered_lines": 0, "num_statements": 0, "percent_covered": 100.0, "percent_covered_display": "100", "missing_lines": 0, "excluded_lines": 0, "percent_statements_covered": 100.0, "percent_statements_covered_display": "100"}, "missing_lines": [], "excluded_lines": [], "functions": {"": {"executed_lines": [], "summary": {"covered_lines": 0, "num_statements": 0, "percent_covered": 100.0, "percent_covered_display": "100", "missing_lines": 0, "excluded_lines": 0, "percent_statements_covered": 100.0, "percent_statements_covered_display": "100"}, "missing_lines": [], "excluded_lines": [], "start_line": 1}}, "classes": {"": {"executed_lines": [], "summary": {"covered_lines": 0, "num_statements": 0, "percent_covered": 100.0, "percent_covered_display": "100", "missing_lines": 0, "excluded_lines": 0, "percent_statements_covered": 100.0, "percent_statements_covered_display": "100"}, "missing_lines": [], "excluded_lines": [], "start_line": 1}}}, "app/integrations/asaas_client.py": {"executed_lines": [12, 14, 16, 18, 20, 21, 24, 25, 26, 27, 28, 31, 32, 33, 35, 45, 46, 48, 49, 51, 52, 55, 68, 69, 70, 73, 74, 77, 78, 82, 86, 90, 93, 96, 100, 101, 105, 108, 111, 115, 134, 137, 141, 144, 147, 150, 155, 159, 162, 165, 168, 171, 174], "summary": {"covered_lines": 53, "num_statements": 85, "percent_covered": 62.35294117647059, "percent_covered_display": "62", "missing_lines": 32, "excluded_lines": 0, "percent_statements_covered": 62.35294117647059, "percent_statements_covered_display": "62"}, "missing_lines": [34, 71, 75, 76, 79, 84, 87, 91, 94, 97, 106, 109, 112, 123, 127, 128, 129, 135, 138, 142, 145, 148, 151, 152, 153, 156, 160, 163, 166, 169, 172, 176], "excluded_lines": [], "functions": {"AsaasError.__init__": {"executed_lines": [26, 27, 28], "summary": {"covered_lines": 3, "num_statements": 3, "percent_covered": 100.0, "percent_covered_display": "100", "missing_lines": 0, "excluded_lines": 0, "percent_statements_covered": 100.0, "percent_statements_covered_display": "100"}, "missing_lines": [], "excluded_lines": [], "start_line": 25}, "AsaasClient.__init__": {"executed_lines": [33, 35], "summary": {"covered_lines": 2, "num_statements": 3, "percent_covered": 66.66666666666667, "percent_covered_display": "67", "missing_lines": 1, "excluded_lines": 0, "percent_statements_covered": 66.66666666666667, "percent_statements_covered_display": "67"}, "missing_lines": [34], "excluded_lines": [], "start_line": 32}, "AsaasClient.aclose": {"executed_lines": [46], "summary": {"covered_lines": 1, "num_statements": 1, "percent_covered": 100.0, "percent_covered_display": "100", "missing_lines": 0, "excluded_lines": 0, "percent_statements_covered": 100.0, "percent_statements_covered_display": "100"}, "missing_lines": [], "excluded_lines": [], "start_line": 45}, "AsaasClient.__aenter__": {"executed_lines": [49], "summary": {"covered_lines": 1, "num_statements": 1, "percent_covered": 100.0, "percent_covered_display": "100", "missing_lines": 0, "excluded_lines": 0, "percent_statements_covered": 100.0, "percent_statements_covered_display": "100"}, "missing_lines": [], "excluded_lines": [], "start_line": 48}, "AsaasClient.__aexit__": {"executed_lines": [52], "summary": {"covered_lines": 1, "num_statements": 1, "percent_covered": 100.0, "percent_covered_display": "100", "missing_lines": 0, "excluded_lines": 0, "percent_statements_covered": 100.0, "percent_statements_covered_display": "100"}, "missing_lines": [], "excluded_lines": [], "start_line": 51}, "AsaasClient._request": {"executed_lines": [68, 69, 70, 73, 74, 77, 78], "summary": {"covered_lines": 7, "num_statements": 11, "percent_covered": 63.63636363636363, "percent_covered_display": "64", "missing_lines": 4, "excluded_lines": 0, "percent_statements_covered": 63.63636363636363, "percent_statements_covered_display": "64"}, "missing_lines": [71, 75, 76, 79], "excluded_lines": [], "start_line": 55}, "AsaasClient.get_my_account": {"executed_lines": [], "summary": {"covered_lines": 0, "num_statements": 1, "percent_covered": 0.0, "percent_covered_display": "0", "missing_lines": 1, "excluded_lines": 0, "percent_statements_covered": 0.0, "percent_statements_covered_display": "0"}, "missing_lines": [84], "excluded_lines": [], "start_line": 82}, "AsaasClient.get_balance": {"executed_lines": [], "summary": {"covered_lines": 0, "num_statements": 1, "percent_covered": 0.0, "percent_covered_display": "0", "missing_lines": 1, "excluded_lines": 0, "percent_statements_covered": 0.0, "percent_statements_covered_display": "0"}, "missing_lines": [87], "excluded_lines": [], "start_line": 86}, "AsaasClient.list_webhooks": {"executed_lines": [], "summary": {"covered_lines": 0, "num_statements": 1, "percent_covered": 0.0, "percent_covered_display": "0", "missing_lines": 1, "excluded_lines": 0, "percent_statements_covered": 0.0, "percent_statements_covered_display": "0"}, "missing_lines": [91], "excluded_lines": [], "start_line": 90}, "AsaasClient.create_webhook": {"executed_lines": [], "summary": {"covered_lines": 0, "num_statements": 1, "percent_covered": 0.0, "percent_covered_display": "0", "missing_lines": 1, "excluded_lines": 0, "percent_statements_covered": 0.0, "percent_statements_covered_display": "0"}, "missing_lines": [94], "excluded_lines": [], "start_line": 93}, "AsaasClient.delete_webhook": {"executed_lines": [], "summary": {"covered_lines": 0, "num_statements": 1, "percent_covered": 0.0, "percent_covered_display": "0", "missing_lines": 1, "excluded_lines": 0, "percent_statements_covered": 0.0, "percent_statements_covered_display": "0"}, "missing_lines": [97], "excluded_lines": [], "start_line": 96}, "AsaasClient.create_transfer": {"executed_lines": [101], "summary": {"covered_lines": 1, "num_statements": 1, "percent_covered": 100.0, "percent_covered_display": "100", "missing_lines": 0, "excluded_lines": 0, "percent_statements_covered": 100.0, "percent_statements_covered_display": "100"}, "missing_lines": [], "excluded_lines": [], "start_line": 100}, "AsaasClient.cancel_transfer": {"executed_lines": [], "summary": {"covered_lines": 0, "num_statements": 1, "percent_covered": 0.0, "percent_covered_display": "0", "missing_lines": 1, "excluded_lines": 0, "percent_statements_covered": 0.0, "percent_statements_covered_display": "0"}, "missing_lines": [106], "excluded_lines": [], "start_line": 105}, "AsaasClient.get_transfer": {"executed_lines": [], "summary": {"covered_lines": 0, "num_statements": 1, "percent_covered": 0.0, "percent_covered_display": "0", "missing_lines": 1, "excluded_lines": 0, "percent_statements_covered": 0.0, "percent_statements_covered_display": "0"}, "missing_lines": [109], "excluded_lines": [], "start_line": 108}, "AsaasClient.list_transfers": {"executed_lines": [], "summary": {"covered_lines": 0, "num_statements": 1, "percent_covered": 0.0, "percent_covered_display": "0", "missing_lines": 1, "excluded_lines": 0, "percent_statements_covered": 0.0, "percent_statements_covered_display": "0"}, "missing_lines": [112], "excluded_lines": [], "start_line": 111}, "AsaasClient.pay_qr_code": {"executed_lines": [], "summary": {"covered_lines": 0, "num_statements": 4, "percent_covered": 0.0, "percent_covered_display": "0", "missing_lines": 4, "excluded_lines": 0, "percent_statements_covered": 0.0, "percent_statements_covered_display": "0"}, "missing_lines": [123, 127, 128, 129], "excluded_lines": [], "start_line": 115}, "AsaasClient.get_pix_transaction": {"executed_lines": [], "summary": {"covered_lines": 0, "num_statements": 1, "percent_covered": 0.0, "percent_covered_display": "0", "missing_lines": 1, "excluded_lines": 0, "percent_statements_covered": 0.0, "percent_statements_covered_display": "0"}, "missing_lines": [135], "excluded_lines": [], "start_line": 134}, "AsaasClient.cancel_pix_transaction": {"executed_lines": [], "summary": {"covered_lines": 0, "num_statements": 1, "percent_covered": 0.0, "percent_covered_display": "0", "missing_lines": 1, "excluded_lines": 0, "percent_statements_covered": 0.0, "percent_statements_covered_display": "0"}, "missing_lines": [138], "excluded_lines": [], "start_line": 137}, "AsaasClient.create_customer": {"executed_lines": [], "summary": {"covered_lines": 0, "num_statements": 1, "percent_covered": 0.0, "percent_covered_display": "0", "missing_lines": 1, "excluded_lines": 0, "percent_statements_covered": 0.0, "percent_statements_covered_display": "0"}, "missing_lines": [142], "excluded_lines": [], "start_line": 141}, "AsaasClient.get_customer": {"executed_lines": [], "summary": {"covered_lines": 0, "num_statements": 1, "percent_covered": 0.0, "percent_covered_display": "0", "missing_lines": 1, "excluded_lines": 0, "percent_statements_covered": 0.0, "percent_statements_covered_display": "0"}, "missing_lines": [145], "excluded_lines": [], "start_line": 144}, "AsaasClient.list_customers": {"executed_lines": [], "summary": {"covered_lines": 0, "num_statements": 1, "percent_covered": 0.0, "percent_covered_display": "0", "missing_lines": 1, "excluded_lines": 0, "percent_statements_covered": 0.0, "percent_statements_covered_display": "0"}, "missing_lines": [148], "excluded_lines": [], "start_line": 147}, "AsaasClient.find_customer_by_external_reference": {"executed_lines": [], "summary": {"covered_lines": 0, "num_statements": 3, "percent_covered": 0.0, "percent_covered_display": "0", "missing_lines": 3, "excluded_lines": 0, "percent_statements_covered": 0.0, "percent_statements_covered_display": "0"}, "missing_lines": [151, 152, 153], "excluded_lines": [], "start_line": 150}, "AsaasClient.update_customer": {"executed_lines": [], "summary": {"covered_lines": 0, "num_statements": 1, "percent_covered": 0.0, "percent_covered_display": "0", "missing_lines": 1, "excluded_lines": 0, "percent_statements_covered": 0.0, "percent_statements_covered_display": "0"}, "missing_lines": [156], "excluded_lines": [], "start_line": 155}, "AsaasClient.create_payment": {"executed_lines": [], "summary": {"covered_lines": 0, "num_statements": 1, "percent_covered": 0.0, "percent_covered_display": "0", "missing_lines": 1, "excluded_lines": 0, "percent_statements_covered": 0.0, "percent_statements_covered_display": "0"}, "missing_lines": [160], "excluded_lines": [], "start_line": 159}, "AsaasClient.get_payment": {"executed_lines": [], "summary": {"covered_lines": 0, "num_statements": 1, "percent_covered": 0.0, "percent_covered_display": "0", "missing_lines": 1, "excluded_lines": 0, "percent_statements_covered": 0.0, "percent_statements_covered_display": "0"}, "missing_lines": [163], "excluded_lines": [], "start_line": 162}, "AsaasClient.list_payments": {"executed_lines": [], "summary": {"covered_lines": 0, "num_statements": 1, "percent_covered": 0.0, "percent_covered_display": "0", "missing_lines": 1, "excluded_lines": 0, "percent_statements_covered": 0.0, "percent_statements_covered_display": "0"}, "missing_lines": [166], "excluded_lines": [], "start_line": 165}, "AsaasClient.delete_payment": {"executed_lines": [], "summary": {"covered_lines": 0, "num_statements": 1, "percent_covered": 0.0, "percent_covered_display": "0", "missing_lines": 1, "excluded_lines": 0, "percent_statements_covered": 0.0, "percent_statements_covered_display": "0"}, "missing_lines": [169], "excluded_lines": [], "start_line": 168}, "AsaasClient.refund_payment": {"executed_lines": [], "summary": {"covered_lines": 0, "num_statements": 1, "percent_covered": 0.0, "percent_covered_display": "0", "missing_lines": 1, "excluded_lines": 0, "percent_statements_covered": 0.0, "percent_statements_covered_display": "0"}, "missing_lines": [172], "excluded_lines": [], "start_line": 171}, "AsaasClient.get_payment_pix_qr_code": {"executed_lines": [], "summary": {"covered_lines": 0, "num_statements": 1, "percent_covered": 0.0, "percent_covered_display": "0", "missing_lines": 1, "excluded_lines": 0, "percent_statements_covered": 0.0, "percent_statements_covered_display": "0"}, "missing_lines": [176], "excluded_lines": [], "start_line": 174}, "": {"executed_lines": [12, 14, 16, 18, 20, 21, 24, 25, 31, 32, 45, 48, 51, 55, 82, 86, 90, 93, 96, 100, 105, 108, 111, 115, 134, 137, 141, 144, 147, 150, 155, 159, 162, 165, 168, 171, 174], "summary": {"covered_lines": 37, "num_statements": 37, "percent_covered": 100.0, "percent_covered_display": "100", "missing_lines": 0, "excluded_lines": 0, "percent_statements_covered": 100.0, "percent_statements_covered_display": "100"}, "missing_lines": [], "excluded_lines": [], "start_line": 1}}, "classes": {"AsaasError": {"executed_lines": [26, 27, 28], "summary": {"covered_lines": 3, "num_statements": 3, "percent_covered": 100.0, "percent_covered_display": "100", "missing_lines": 0, "excluded_lines": 0, "percent_statements_covered": 100.0, "percent_statements_covered_display": "100"}, "missing_lines": [], "excluded_lines": [], "start_line": 24}, "AsaasClient": {"executed_lines": [33, 35, 46, 49, 52, 68, 69, 70, 73, 74, 77, 78, 101], "summary": {"covered_lines": 13, "num_statements": 45, "percent_covered": 28.88888888888889, "percent_covered_display": "29", "missing_lines": 32, "excluded_lines": 0, "percent_statements_covered": 28.88888888888889, "percent_statements_covered_display": "29"}, "missing_lines": [34, 71, 75, 76, 79, 84, 87, 91, 94, 97, 106, 109, 112, 123, 127, 128, 129, 135, 138, 142, 145, 148, 151, 152, 153, 156, 160, 163, 166, 169, 172, 176], "excluded_lines": [], "start_line": 31}, "": {"executed_lines": [12, 14, 16, 18, 20, 21, 24, 25, 31, 32, 45, 48, 51, 55, 82, 86, 90, 93, 96, 100, 105, 108, 111, 115, 134, 137, 141, 144, 147, 150, 155, 159, 162, 165, 168, 171, 174], "summary": {"covered_lines": 37, "num_statements": 37, "percent_covered": 100.0, "percent_covered_display": "100", "missing_lines": 0, "excluded_lines": 0, "percent_statements_covered": 100.0, "percent_statements_covered_display": "100"}, "missing_lines": [], "excluded_lines": [], "start_line": 1}}}, "app/main.py": {"executed_lines": [7, 8, 9, 11, 12, 14, 15, 16, 17, 18, 19, 20, 22, 25, 26, 27, 28, 29, 30, 31, 32, 33, 36, 68, 163, 164, 188, 197, 198, 206, 207, 210, 211, 212, 215, 216, 217], "summary": {"covered_lines": 37, "num_statements": 53, "percent_covered": 69.81132075471699, "percent_covered_display": "70", "missing_lines": 16, "excluded_lines": 0, "percent_statements_covered": 69.81132075471699, "percent_statements_covered_display": "70"}, "missing_lines": [165, 170, 171, 172, 173, 174, 175, 176, 177, 179, 180, 181, 183, 184, 185, 200], "excluded_lines": [], "functions": {"_format_error_catalog": {"executed_lines": [26, 27, 28, 29, 30, 31, 32, 33], "summary": {"covered_lines": 8, "num_statements": 8, "percent_covered": 100.0, "percent_covered_display": "100", "missing_lines": 0, "excluded_lines": 0, "percent_statements_covered": 100.0, "percent_statements_covered_display": "100"}, "missing_lines": [], "excluded_lines": [], "start_line": 25}, "lifespan": {"executed_lines": [], "summary": {"covered_lines": 0, "num_statements": 15, "percent_covered": 0.0, "percent_covered_display": "0", "missing_lines": 15, "excluded_lines": 0, "percent_statements_covered": 0.0, "percent_statements_covered_display": "0"}, "missing_lines": [165, 170, 171, 172, 173, 174, 175, 176, 177, 179, 180, 181, 183, 184, 185], "excluded_lines": [], "start_line": 164}, "_handle_domain_error": {"executed_lines": [], "summary": {"covered_lines": 0, "num_statements": 1, "percent_covered": 0.0, "percent_covered_display": "0", "missing_lines": 1, "excluded_lines": 0, "percent_statements_covered": 0.0, "percent_statements_covered_display": "0"}, "missing_lines": [200], "excluded_lines": [], "start_line": 198}, "healthz": {"executed_lines": [212], "summary": {"covered_lines": 1, "num_statements": 1, "percent_covered": 100.0, "percent_covered_display": "100", "missing_lines": 0, "excluded_lines": 0, "percent_statements_covered": 100.0, "percent_statements_covered_display": "100"}, "missing_lines": [], "excluded_lines": [], "start_line": 211}, "root": {"executed_lines": [217], "summary": {"covered_lines": 1, "num_statements": 1, "percent_covered": 100.0, "percent_covered_display": "100", "missing_lines": 0, "excluded_lines": 0, "percent_statements_covered": 100.0, "percent_statements_covered_display": "100"}, "missing_lines": [], "excluded_lines": [], "start_line": 216}, "": {"executed_lines": [7, 8, 9, 11, 12, 14, 15, 16, 17, 18, 19, 20, 22, 25, 36, 68, 163, 164, 188, 197, 198, 206, 207, 210, 211, 215, 216], "summary": {"covered_lines": 27, "num_statements": 27, "percent_covered": 100.0, "percent_covered_display": "100", "missing_lines": 0, "excluded_lines": 0, "percent_statements_covered": 100.0, "percent_statements_covered_display": "100"}, "missing_lines": [], "excluded_lines": [], "start_line": 1}}, "classes": {"": {"executed_lines": [7, 8, 9, 11, 12, 14, 15, 16, 17, 18, 19, 20, 22, 25, 26, 27, 28, 29, 30, 31, 32, 33, 36, 68, 163, 164, 188, 197, 198, 206, 207, 210, 211, 212, 215, 216, 217], "summary": {"covered_lines": 37, "num_statements": 53, "percent_covered": 69.81132075471699, "percent_covered_display": "70", "missing_lines": 16, "excluded_lines": 0, "percent_statements_covered": 69.81132075471699, "percent_statements_covered_display": "70"}, "missing_lines": [165, 170, 171, 172, 173, 174, 175, 176, 177, 179, 180, 181, 183, 184, 185, 200], "excluded_lines": [], "start_line": 1}}}, "app/models/__init__.py": {"executed_lines": [3, 4, 5, 6, 7, 8, 10], "summary": {"covered_lines": 7, "num_statements": 7, "percent_covered": 100.0, "percent_covered_display": "100", "missing_lines": 0, "excluded_lines": 0, "percent_statements_covered": 100.0, "percent_statements_covered_display": "100"}, "missing_lines": [], "excluded_lines": [], "functions": {"": {"executed_lines": [3, 4, 5, 6, 7, 8, 10], "summary": {"covered_lines": 7, "num_statements": 7, "percent_covered": 100.0, "percent_covered_display": "100", "missing_lines": 0, "excluded_lines": 0, "percent_statements_covered": 100.0, "percent_statements_covered_display": "100"}, "missing_lines": [], "excluded_lines": [], "start_line": 1}}, "classes": {"": {"executed_lines": [3, 4, 5, 6, 7, 8, 10], "summary": {"covered_lines": 7, "num_statements": 7, "percent_covered": 100.0, "percent_covered_display": "100", "missing_lines": 0, "excluded_lines": 0, "percent_statements_covered": 100.0, "percent_statements_covered_display": "100"}, "missing_lines": [], "excluded_lines": [], "start_line": 1}}}, "app/models/config_kv.py": {"executed_lines": [3, 5, 8, 11, 12, 13, 14], "summary": {"covered_lines": 7, "num_statements": 7, "percent_covered": 100.0, "percent_covered_display": "100", "missing_lines": 0, "excluded_lines": 0, "percent_statements_covered": 100.0, "percent_statements_covered_display": "100"}, "missing_lines": [], "excluded_lines": [], "functions": {"": {"executed_lines": [3, 5, 8, 11, 12, 13, 14], "summary": {"covered_lines": 7, "num_statements": 7, "percent_covered": 100.0, "percent_covered_display": "100", "missing_lines": 0, "excluded_lines": 0, "percent_statements_covered": 100.0, "percent_statements_covered_display": "100"}, "missing_lines": [], "excluded_lines": [], "start_line": 1}}, "classes": {"ConfigKV": {"executed_lines": [], "summary": {"covered_lines": 0, "num_statements": 0, "percent_covered": 100.0, "percent_covered_display": "100", "missing_lines": 0, "excluded_lines": 0, "percent_statements_covered": 100.0, "percent_statements_covered_display": "100"}, "missing_lines": [], "excluded_lines": [], "start_line": 8}, "": {"executed_lines": [3, 5, 8, 11, 12, 13, 14], "summary": {"covered_lines": 7, "num_statements": 7, "percent_covered": 100.0, "percent_covered_display": "100", "missing_lines": 0, "excluded_lines": 0, "percent_statements_covered": 100.0, "percent_statements_covered_display": "100"}, "missing_lines": [], "excluded_lines": [], "start_line": 1}}}, "app/models/customer.py": {"executed_lines": [3, 5, 6, 8, 11, 19, 20, 21, 22, 23, 24, 25, 26, 27, 28], "summary": {"covered_lines": 15, "num_statements": 15, "percent_covered": 100.0, "percent_covered_display": "100", "missing_lines": 0, "excluded_lines": 0, "percent_statements_covered": 100.0, "percent_statements_covered_display": "100"}, "missing_lines": [], "excluded_lines": [], "functions": {"": {"executed_lines": [3, 5, 6, 8, 11, 19, 20, 21, 22, 23, 24, 25, 26, 27, 28], "summary": {"covered_lines": 15, "num_statements": 15, "percent_covered": 100.0, "percent_covered_display": "100", "missing_lines": 0, "excluded_lines": 0, "percent_statements_covered": 100.0, "percent_statements_covered_display": "100"}, "missing_lines": [], "excluded_lines": [], "start_line": 1}}, "classes": {"Customer": {"executed_lines": [], "summary": {"covered_lines": 0, "num_statements": 0, "percent_covered": 100.0, "percent_covered_display": "100", "missing_lines": 0, "excluded_lines": 0, "percent_statements_covered": 100.0, "percent_statements_covered_display": "100"}, "missing_lines": [], "excluded_lines": [], "start_line": 11}, "": {"executed_lines": [3, 5, 6, 8, 11, 19, 20, 21, 22, 23, 24, 25, 26, 27, 28], "summary": {"covered_lines": 15, "num_statements": 15, "percent_covered": 100.0, "percent_covered_display": "100", "missing_lines": 0, "excluded_lines": 0, "percent_statements_covered": 100.0, "percent_statements_covered_display": "100"}, "missing_lines": [], "excluded_lines": [], "start_line": 1}}}, "app/models/payment.py": {"executed_lines": [3, 5, 6, 8, 11, 24, 25, 26, 27, 30, 33, 36, 39, 40, 42, 43, 45, 46, 50, 51, 52, 53], "summary": {"covered_lines": 22, "num_statements": 22, "percent_covered": 100.0, "percent_covered_display": "100", "missing_lines": 0, "excluded_lines": 0, "percent_statements_covered": 100.0, "percent_statements_covered_display": "100"}, "missing_lines": [], "excluded_lines": [], "functions": {"": {"executed_lines": [3, 5, 6, 8, 11, 24, 25, 26, 27, 30, 33, 36, 39, 40, 42, 43, 45, 46, 50, 51, 52, 53], "summary": {"covered_lines": 22, "num_statements": 22, "percent_covered": 100.0, "percent_covered_display": "100", "missing_lines": 0, "excluded_lines": 0, "percent_statements_covered": 100.0, "percent_statements_covered_display": "100"}, "missing_lines": [], "excluded_lines": [], "start_line": 1}}, "classes": {"Payment": {"executed_lines": [], "summary": {"covered_lines": 0, "num_statements": 0, "percent_covered": 100.0, "percent_covered_display": "100", "missing_lines": 0, "excluded_lines": 0, "percent_statements_covered": 100.0, "percent_statements_covered_display": "100"}, "missing_lines": [], "excluded_lines": [], "start_line": 11}, "": {"executed_lines": [3, 5, 6, 8, 11, 24, 25, 26, 27, 30, 33, 36, 39, 40, 42, 43, 45, 46, 50, 51, 52, 53], "summary": {"covered_lines": 22, "num_statements": 22, "percent_covered": 100.0, "percent_covered_display": "100", "missing_lines": 0, "excluded_lines": 0, "percent_statements_covered": 100.0, "percent_statements_covered_display": "100"}, "missing_lines": [], "excluded_lines": [], "start_line": 1}}}, "app/models/pix_key.py": {"executed_lines": [3, 5, 6, 8, 11, 18, 19, 20, 21, 22, 23, 24, 25, 26, 27], "summary": {"covered_lines": 15, "num_statements": 15, "percent_covered": 100.0, "percent_covered_display": "100", "missing_lines": 0, "excluded_lines": 0, "percent_statements_covered": 100.0, "percent_statements_covered_display": "100"}, "missing_lines": [], "excluded_lines": [], "functions": {"": {"executed_lines": [3, 5, 6, 8, 11, 18, 19, 20, 21, 22, 23, 24, 25, 26, 27], "summary": {"covered_lines": 15, "num_statements": 15, "percent_covered": 100.0, "percent_covered_display": "100", "missing_lines": 0, "excluded_lines": 0, "percent_statements_covered": 100.0, "percent_statements_covered_display": "100"}, "missing_lines": [], "excluded_lines": [], "start_line": 1}}, "classes": {"PixKey": {"executed_lines": [], "summary": {"covered_lines": 0, "num_statements": 0, "percent_covered": 100.0, "percent_covered_display": "100", "missing_lines": 0, "excluded_lines": 0, "percent_statements_covered": 100.0, "percent_statements_covered_display": "100"}, "missing_lines": [], "excluded_lines": [], "start_line": 11}, "": {"executed_lines": [3, 5, 6, 8, 11, 18, 19, 20, 21, 22, 23, 24, 25, 26, 27], "summary": {"covered_lines": 15, "num_statements": 15, "percent_covered": 100.0, "percent_covered_display": "100", "missing_lines": 0, "excluded_lines": 0, "percent_statements_covered": 100.0, "percent_statements_covered_display": "100"}, "missing_lines": [], "excluded_lines": [], "start_line": 1}}}, "app/models/url_verify_nonce.py": {"executed_lines": [3, 5, 8, 11, 12, 13, 14, 15, 16], "summary": {"covered_lines": 9, "num_statements": 9, "percent_covered": 100.0, "percent_covered_display": "100", "missing_lines": 0, "excluded_lines": 0, "percent_statements_covered": 100.0, "percent_statements_covered_display": "100"}, "missing_lines": [], "excluded_lines": [], "functions": {"": {"executed_lines": [3, 5, 8, 11, 12, 13, 14, 15, 16], "summary": {"covered_lines": 9, "num_statements": 9, "percent_covered": 100.0, "percent_covered_display": "100", "missing_lines": 0, "excluded_lines": 0, "percent_statements_covered": 100.0, "percent_statements_covered_display": "100"}, "missing_lines": [], "excluded_lines": [], "start_line": 1}}, "classes": {"UrlVerifyNonce": {"executed_lines": [], "summary": {"covered_lines": 0, "num_statements": 0, "percent_covered": 100.0, "percent_covered_display": "100", "missing_lines": 0, "excluded_lines": 0, "percent_statements_covered": 100.0, "percent_statements_covered_display": "100"}, "missing_lines": [], "excluded_lines": [], "start_line": 8}, "": {"executed_lines": [3, 5, 8, 11, 12, 13, 14, 15, 16], "summary": {"covered_lines": 9, "num_statements": 9, "percent_covered": 100.0, "percent_covered_display": "100", "missing_lines": 0, "excluded_lines": 0, "percent_statements_covered": 100.0, "percent_statements_covered_display": "100"}, "missing_lines": [], "excluded_lines": [], "start_line": 1}}}, "app/models/webhook_event.py": {"executed_lines": [7, 9, 10, 12, 15, 18, 19, 20, 21, 22, 23, 24, 25, 26], "summary": {"covered_lines": 14, "num_statements": 14, "percent_covered": 100.0, "percent_covered_display": "100", "missing_lines": 0, "excluded_lines": 0, "percent_statements_covered": 100.0, "percent_statements_covered_display": "100"}, "missing_lines": [], "excluded_lines": [], "functions": {"": {"executed_lines": [7, 9, 10, 12, 15, 18, 19, 20, 21, 22, 23, 24, 25, 26], "summary": {"covered_lines": 14, "num_statements": 14, "percent_covered": 100.0, "percent_covered_display": "100", "missing_lines": 0, "excluded_lines": 0, "percent_statements_covered": 100.0, "percent_statements_covered_display": "100"}, "missing_lines": [], "excluded_lines": [], "start_line": 1}}, "classes": {"WebhookEvent": {"executed_lines": [], "summary": {"covered_lines": 0, "num_statements": 0, "percent_covered": 100.0, "percent_covered_display": "100", "missing_lines": 0, "excluded_lines": 0, "percent_statements_covered": 100.0, "percent_statements_covered_display": "100"}, "missing_lines": [], "excluded_lines": [], "start_line": 15}, "": {"executed_lines": [7, 9, 10, 12, 15, 18, 19, 20, 21, 22, 23, 24, 25, 26], "summary": {"covered_lines": 14, "num_statements": 14, "percent_covered": 100.0, "percent_covered_display": "100", "missing_lines": 0, "excluded_lines": 0, "percent_statements_covered": 100.0, "percent_statements_covered_display": "100"}, "missing_lines": [], "excluded_lines": [], "start_line": 1}}}, "app/schemas/__init__.py": {"executed_lines": [3, 5, 7, 12, 13, 15, 18, 24, 28, 35, 108, 109, 112, 122, 123, 124, 125, 126, 128, 139, 145, 148, 149, 150, 151, 154, 155, 156, 160, 175, 178, 181, 185, 203, 206, 209, 210, 211, 214, 215, 216, 220, 227, 230, 233, 234, 238, 261, 264, 265, 266, 269, 272, 275, 278, 279, 282, 283, 284, 287, 288, 292, 295, 298, 302, 340, 341, 348, 351, 352, 355, 356, 358, 369, 370, 376, 387, 392, 393, 394, 395, 396, 400, 412, 413, 419, 424, 425, 426, 429, 432, 433, 434, 438, 459, 460, 461, 465, 480, 490, 491, 492, 499, 507, 534, 537, 538, 539, 540, 545, 557, 558, 566, 567, 568, 575, 578, 586, 603, 604, 605, 606, 611, 614, 615, 616, 617, 618, 619, 620, 621, 624, 625, 626, 628, 651, 652, 653, 654, 655, 656, 657, 658, 660, 675, 676, 679, 680, 681, 684, 689], "summary": {"covered_lines": 151, "num_statements": 152, "percent_covered": 99.34210526315789, "percent_covered_display": "99", "missing_lines": 1, "excluded_lines": 0, "percent_statements_covered": 99.34210526315789, "percent_statements_covered_display": "99"}, "missing_lines": [127], "excluded_lines": [], "functions": {"_error_example": {"executed_lines": [109], "summary": {"covered_lines": 1, "num_statements": 1, "percent_covered": 100.0, "percent_covered_display": "100", "missing_lines": 0, "excluded_lines": 0, "percent_statements_covered": 100.0, "percent_statements_covered_display": "100"}, "missing_lines": [], "excluded_lines": [], "start_line": 108}, "responses_for": {"executed_lines": [122, 123, 124, 125, 126, 128, 139], "summary": {"covered_lines": 7, "num_statements": 8, "percent_covered": 87.5, "percent_covered_display": "88", "missing_lines": 1, "excluded_lines": 0, "percent_statements_covered": 87.5, "percent_statements_covered_display": "88"}, "missing_lines": [127], "excluded_lines": [], "start_line": 112}, "": {"executed_lines": [3, 5, 7, 12, 13, 15, 18, 24, 28, 35, 108, 112, 145, 148, 149, 150, 151, 154, 155, 156, 160, 175, 178, 181, 185, 203, 206, 209, 210, 211, 214, 215, 216, 220, 227, 230, 233, 234, 238, 261, 264, 265, 266, 269, 272, 275, 278, 279, 282, 283, 284, 287, 288, 292, 295, 298, 302, 340, 341, 348, 351, 352, 355, 356, 358, 369, 370, 376, 387, 392, 393, 394, 395, 396, 400, 412, 413, 419, 424, 425, 426, 429, 432, 433, 434, 438, 459, 460, 461, 465, 480, 490, 491, 492, 499, 507, 534, 537, 538, 539, 540, 545, 557, 558, 566, 567, 568, 575, 578, 586, 603, 604, 605, 606, 611, 614, 615, 616, 617, 618, 619, 620, 621, 624, 625, 626, 628, 651, 652, 653, 654, 655, 656, 657, 658, 660, 675, 676, 679, 680, 681, 684, 689], "summary": {"covered_lines": 143, "num_statements": 143, "percent_covered": 100.0, "percent_covered_display": "100", "missing_lines": 0, "excluded_lines": 0, "percent_statements_covered": 100.0, "percent_statements_covered_display": "100"}, "missing_lines": [], "excluded_lines": [], "start_line": 1}}, "classes": {"OkResponse": {"executed_lines": [], "summary": {"covered_lines": 0, "num_statements": 0, "percent_covered": 100.0, "percent_covered_display": "100", "missing_lines": 0, "excluded_lines": 0, "percent_statements_covered": 100.0, "percent_statements_covered_display": "100"}, "missing_lines": [], "excluded_lines": [], "start_line": 12}, "ErrorResponse": {"executed_lines": [], "summary": {"covered_lines": 0, "num_statements": 0, "percent_covered": 100.0, "percent_covered_display": "100", "missing_lines": 0, "excluded_lines": 0, "percent_statements_covered": 100.0, "percent_statements_covered_display": "100"}, "missing_lines": [], "excluded_lines": [], "start_line": 18}, "PixKeyResponse": {"executed_lines": [], "summary": {"covered_lines": 0, "num_statements": 0, "percent_covered": 100.0, "percent_covered_display": "100", "missing_lines": 0, "excluded_lines": 0, "percent_statements_covered": 100.0, "percent_statements_covered_display": "100"}, "missing_lines": [], "excluded_lines": [], "start_line": 145}, "PixKeyCheckResponse": {"executed_lines": [], "summary": {"covered_lines": 0, "num_statements": 0, "percent_covered": 100.0, "percent_covered_display": "100", "missing_lines": 0, "excluded_lines": 0, "percent_statements_covered": 100.0, "percent_statements_covered_display": "100"}, "missing_lines": [], "excluded_lines": [], "start_line": 175}, "PaymentResponse": {"executed_lines": [], "summary": {"covered_lines": 0, "num_statements": 0, "percent_covered": 100.0, "percent_covered_display": "100", "missing_lines": 0, "excluded_lines": 0, "percent_statements_covered": 100.0, "percent_statements_covered_display": "100"}, "missing_lines": [], "excluded_lines": [], "start_line": 203}, "QRCodeAnalyzeResponse": {"executed_lines": [], "summary": {"covered_lines": 0, "num_statements": 0, "percent_covered": 100.0, "percent_covered_display": "100", "missing_lines": 0, "excluded_lines": 0, "percent_statements_covered": 100.0, "percent_statements_covered_display": "100"}, "missing_lines": [], "excluded_lines": [], "start_line": 261}, "SetUrlRequest": {"executed_lines": [], "summary": {"covered_lines": 0, "num_statements": 0, "percent_covered": 100.0, "percent_covered_display": "100", "missing_lines": 0, "excluded_lines": 0, "percent_statements_covered": 100.0, "percent_statements_covered_display": "100"}, "missing_lines": [], "excluded_lines": [], "start_line": 340}, "SetUrlResponse": {"executed_lines": [], "summary": {"covered_lines": 0, "num_statements": 0, "percent_covered": 100.0, "percent_covered_display": "100", "missing_lines": 0, "excluded_lines": 0, "percent_statements_covered": 100.0, "percent_statements_covered_display": "100"}, "missing_lines": [], "excluded_lines": [], "start_line": 351}, "SetInternalUrlRequest": {"executed_lines": [], "summary": {"covered_lines": 0, "num_statements": 0, "percent_covered": 100.0, "percent_covered_display": "100", "missing_lines": 0, "excluded_lines": 0, "percent_statements_covered": 100.0, "percent_statements_covered_display": "100"}, "missing_lines": [], "excluded_lines": [], "start_line": 369}, "ConfigInternalResponse": {"executed_lines": [], "summary": {"covered_lines": 0, "num_statements": 0, "percent_covered": 100.0, "percent_covered_display": "100", "missing_lines": 0, "excluded_lines": 0, "percent_statements_covered": 100.0, "percent_statements_covered_display": "100"}, "missing_lines": [], "excluded_lines": [], "start_line": 392}, "SetKeyRequest": {"executed_lines": [], "summary": {"covered_lines": 0, "num_statements": 0, "percent_covered": 100.0, "percent_covered_display": "100", "missing_lines": 0, "excluded_lines": 0, "percent_statements_covered": 100.0, "percent_statements_covered_display": "100"}, "missing_lines": [], "excluded_lines": [], "start_line": 412}, "SetKeyResponse": {"executed_lines": [], "summary": {"covered_lines": 0, "num_statements": 0, "percent_covered": 100.0, "percent_covered_display": "100", "missing_lines": 0, "excluded_lines": 0, "percent_statements_covered": 100.0, "percent_statements_covered_display": "100"}, "missing_lines": [], "excluded_lines": [], "start_line": 424}, "ConfigConfirmResponse": {"executed_lines": [], "summary": {"covered_lines": 0, "num_statements": 0, "percent_covered": 100.0, "percent_covered_display": "100", "missing_lines": 0, "excluded_lines": 0, "percent_statements_covered": 100.0, "percent_statements_covered_display": "100"}, "missing_lines": [], "excluded_lines": [], "start_line": 459}, "InternalNotification": {"executed_lines": [], "summary": {"covered_lines": 0, "num_statements": 0, "percent_covered": 100.0, "percent_covered_display": "100", "missing_lines": 0, "excluded_lines": 0, "percent_statements_covered": 100.0, "percent_statements_covered_display": "100"}, "missing_lines": [], "excluded_lines": [], "start_line": 480}, "CustomerInline": {"executed_lines": [], "summary": {"covered_lines": 0, "num_statements": 0, "percent_covered": 100.0, "percent_covered_display": "100", "missing_lines": 0, "excluded_lines": 0, "percent_statements_covered": 100.0, "percent_statements_covered_display": "100"}, "missing_lines": [], "excluded_lines": [], "start_line": 534}, "ChargeCreateRequest": {"executed_lines": [], "summary": {"covered_lines": 0, "num_statements": 0, "percent_covered": 100.0, "percent_covered_display": "100", "missing_lines": 0, "excluded_lines": 0, "percent_statements_covered": 100.0, "percent_statements_covered_display": "100"}, "missing_lines": [], "excluded_lines": [], "start_line": 557}, "ChargePixData": {"executed_lines": [], "summary": {"covered_lines": 0, "num_statements": 0, "percent_covered": 100.0, "percent_covered_display": "100", "missing_lines": 0, "excluded_lines": 0, "percent_statements_covered": 100.0, "percent_statements_covered_display": "100"}, "missing_lines": [], "excluded_lines": [], "start_line": 603}, "ChargeResponse": {"executed_lines": [], "summary": {"covered_lines": 0, "num_statements": 0, "percent_covered": 100.0, "percent_covered_display": "100", "missing_lines": 0, "excluded_lines": 0, "percent_statements_covered": 100.0, "percent_statements_covered_display": "100"}, "missing_lines": [], "excluded_lines": [], "start_line": 611}, "CustomerResponse": {"executed_lines": [], "summary": {"covered_lines": 0, "num_statements": 0, "percent_covered": 100.0, "percent_covered_display": "100", "missing_lines": 0, "excluded_lines": 0, "percent_statements_covered": 100.0, "percent_statements_covered_display": "100"}, "missing_lines": [], "excluded_lines": [], "start_line": 651}, "ConfigStatusResponse": {"executed_lines": [], "summary": {"covered_lines": 0, "num_statements": 0, "percent_covered": 100.0, "percent_covered_display": "100", "missing_lines": 0, "excluded_lines": 0, "percent_statements_covered": 100.0, "percent_statements_covered_display": "100"}, "missing_lines": [], "excluded_lines": [], "start_line": 675}, "": {"executed_lines": [3, 5, 7, 12, 13, 15, 18, 24, 28, 35, 108, 109, 112, 122, 123, 124, 125, 126, 128, 139, 145, 148, 149, 150, 151, 154, 155, 156, 160, 175, 178, 181, 185, 203, 206, 209, 210, 211, 214, 215, 216, 220, 227, 230, 233, 234, 238, 261, 264, 265, 266, 269, 272, 275, 278, 279, 282, 283, 284, 287, 288, 292, 295, 298, 302, 340, 341, 348, 351, 352, 355, 356, 358, 369, 370, 376, 387, 392, 393, 394, 395, 396, 400, 412, 413, 419, 424, 425, 426, 429, 432, 433, 434, 438, 459, 460, 461, 465, 480, 490, 491, 492, 499, 507, 534, 537, 538, 539, 540, 545, 557, 558, 566, 567, 568, 575, 578, 586, 603, 604, 605, 606, 611, 614, 615, 616, 617, 618, 619, 620, 621, 624, 625, 626, 628, 651, 652, 653, 654, 655, 656, 657, 658, 660, 675, 676, 679, 680, 681, 684, 689], "summary": {"covered_lines": 151, "num_statements": 152, "percent_covered": 99.34210526315789, "percent_covered_display": "99", "missing_lines": 1, "excluded_lines": 0, "percent_statements_covered": 99.34210526315789, "percent_statements_covered_display": "99"}, "missing_lines": [127], "excluded_lines": [], "start_line": 1}}}, "app/services/__init__.py": {"executed_lines": [], "summary": {"covered_lines": 0, "num_statements": 0, "percent_covered": 100.0, "percent_covered_display": "100", "missing_lines": 0, "excluded_lines": 0, "percent_statements_covered": 100.0, "percent_statements_covered_display": "100"}, "missing_lines": [], "excluded_lines": [], "functions": {"": {"executed_lines": [], "summary": {"covered_lines": 0, "num_statements": 0, "percent_covered": 100.0, "percent_covered_display": "100", "missing_lines": 0, "excluded_lines": 0, "percent_statements_covered": 100.0, "percent_statements_covered_display": "100"}, "missing_lines": [], "excluded_lines": [], "start_line": 1}}, "classes": {"": {"executed_lines": [], "summary": {"covered_lines": 0, "num_statements": 0, "percent_covered": 100.0, "percent_covered_display": "100", "missing_lines": 0, "excluded_lines": 0, "percent_statements_covered": 100.0, "percent_statements_covered_display": "100"}, "missing_lines": [], "excluded_lines": [], "start_line": 1}}}, "app/services/charge.py": {"executed_lines": [18, 20, 21, 22, 24, 25, 27, 28, 29, 30, 31, 32, 33, 35, 36, 39, 55, 56, 59, 60, 61, 62, 63, 66, 67, 68, 69, 70, 71, 72, 73, 74, 75, 78, 88, 89, 90, 91, 92, 94, 95, 96, 98, 100, 101, 103, 112, 113, 114, 115, 116, 117, 118, 119, 121, 122, 124, 136, 137, 138, 145, 151, 152, 159, 160, 167, 175, 176, 177, 178, 179, 180, 181, 182, 183, 184, 185, 188, 202, 203, 204, 205, 206, 208, 209, 211, 212, 213, 216, 217, 218, 219, 220, 226, 227, 228, 229, 230, 231, 232, 233, 234, 235, 237, 242, 243, 244, 245, 246, 247, 248, 249, 250, 251, 252, 253, 259, 261, 263, 264, 265, 266, 267, 268, 269, 270, 271, 272, 273, 274, 275, 276, 277, 278, 279, 281, 283, 284, 285, 286, 288, 289, 290, 291, 297, 303, 304, 305, 306, 317], "summary": {"covered_lines": 150, "num_statements": 166, "percent_covered": 90.36144578313252, "percent_covered_display": "90", "missing_lines": 16, "excluded_lines": 0, "percent_statements_covered": 90.36144578313252, "percent_statements_co
[...]
3", "missing_lines": 17, "excluded_lines": 0, "percent_statements_covered": 43.333333333333336, "percent_statements_covered_display": "43"}, "missing_lines": [720, 724, 730, 743, 744, 747, 748, 757, 758, 759, 760, 761, 762, 763, 764, 765, 766], "excluded_lines": [], "start_line": 714}, "cancel": {"executed_lines": [770, 771, 772, 773, 774, 775, 776, 777, 778, 779], "summary": {"covered_lines": 10, "num_statements": 32, "percent_covered": 31.25, "percent_covered_display": "31", "missing_lines": 22, "excluded_lines": 0, "percent_statements_covered": 31.25, "percent_statements_covered_display": "31"}, "missing_lines": [780, 781, 782, 783, 784, 785, 786, 787, 788, 789, 790, 791, 793, 794, 795, 796, 797, 798, 799, 800, 801, 802], "excluded_lines": [], "start_line": 769}, "": {"executed_lines": [25, 27, 28, 29, 30, 31, 32, 33, 35, 36, 38, 39, 40, 41, 42, 43, 44, 45, 46, 48, 51, 63, 65, 66, 72, 76, 85, 96, 103, 132, 176, 182, 204, 218, 225, 229, 243, 255, 279, 287, 292, 311, 327, 355, 393, 437, 507, 514, 521, 573, 580, 610, 673, 687, 695, 711, 714, 769], "summary": {"covered_lines": 58, "num_statements": 58, "percent_covered": 100.0, "percent_covered_display": "100", "missing_lines": 0, "excluded_lines": 0, "percent_statements_covered": 100.0, "percent_statements_covered_display": "100"}, "missing_lines": [], "excluded_lines": [], "start_line": 1}}, "classes": {"": {"executed_lines": [25, 27, 28, 29, 30, 31, 32, 33, 35, 36, 38, 39, 40, 41, 42, 43, 44, 45, 46, 48, 51, 63, 65, 66, 72, 73, 76, 77, 80, 81, 82, 85, 86, 87, 88, 89, 90, 91, 92, 93, 96, 97, 98, 99, 100, 103, 113, 114, 115, 116, 117, 118, 127, 128, 129, 132, 142, 143, 144, 145, 146, 147, 148, 149, 150, 151, 152, 153, 154, 155, 156, 157, 158, 159, 168, 169, 170, 176, 177, 182, 189, 190, 191, 192, 193, 194, 195, 196, 197, 198, 199, 200, 201, 204, 218, 225, 229, 230, 243, 244, 255, 256, 279, 287, 288, 289, 292, 294, 296, 297, 302, 303, 306, 307, 308, 311, 319, 320, 321, 322, 323, 324, 327, 336, 337, 338, 346, 347, 348, 349, 350, 355, 366, 367, 368, 374, 375, 376, 383, 384, 385, 390, 393, 399, 400, 401, 402, 403, 406, 412, 415, 416, 417, 418, 419, 420, 421, 424, 425, 426, 427, 428, 429, 437, 444, 445, 449, 450, 452, 453, 454, 461, 462, 468, 478, 479, 480, 481, 482, 483, 488, 489, 490, 493, 495, 500, 501, 502, 507, 514, 521, 527, 528, 530, 539, 541, 542, 543, 544, 545, 552, 553, 554, 557, 565, 567, 573, 574, 575, 576, 577, 580, 590, 591, 592, 594, 596, 597, 602, 603, 604, 605, 606, 610, 612, 613, 614, 616, 617, 630, 631, 634, 643, 648, 652, 663, 664, 665, 668, 670, 673, 687, 695, 696, 697, 711, 714, 719, 721, 722, 723, 725, 726, 727, 728, 729, 737, 738, 755, 756, 769, 770, 771, 772, 773, 774, 775, 776, 777, 778, 779], "summary": {"covered_lines": 271, "num_statements": 390, "percent_covered": 69.48717948717949, "percent_covered_display": "69", "missing_lines": 119, "excluded_lines": 0, "percent_statements_covered": 69.48717948717949, "percent_statements_covered_display": "69"}, "missing_lines": [205, 219, 222, 226, 235, 240, 245, 246, 247, 248, 249, 250, 251, 252, 295, 304, 305, 351, 352, 369, 370, 373, 432, 433, 434, 446, 447, 448, 451, 463, 464, 465, 466, 467, 529, 540, 546, 547, 548, 549, 550, 555, 556, 558, 559, 560, 561, 562, 563, 564, 566, 593, 595, 599, 600, 601, 644, 645, 646, 647, 649, 674, 675, 676, 677, 678, 679, 680, 681, 698, 699, 700, 701, 702, 703, 704, 705, 706, 707, 708, 720, 724, 730, 743, 744, 747, 748, 757, 758, 759, 760, 761, 762, 763, 764, 765, 766, 780, 781, 782, 783, 784, 785, 786, 787, 788, 789, 790, 791, 793, 794, 795, 796, 797, 798, 799, 800, 801, 802], "excluded_lines": [], "start_line": 1}}}, "app/services/pixkey.py": {"executed_lines": [3, 5, 6, 7, 9, 10, 12, 13, 14, 15, 16, 18, 21, 22, 23, 24, 25, 28, 29, 30, 31, 32, 33, 34, 35, 36, 37, 38, 39, 40, 41, 42, 43, 44, 45, 47, 50, 51, 52, 59, 60, 61, 62, 63, 64, 65, 66, 69, 72, 79, 80, 81, 82, 84, 85, 86, 87, 88, 89, 91, 94, 97, 98, 99, 101, 102, 104, 105, 106, 107, 109, 110, 120, 121, 122, 125, 126, 131, 132, 133, 134, 148, 149, 152, 157, 158, 159, 160, 161, 162, 163, 164, 165, 176, 177, 185, 186], "summary": {"covered_lines": 97, "num_statements": 104, "percent_covered": 93.26923076923077, "percent_covered_display": "93", "missing_lines": 7, "excluded_lines": 0, "percent_statements_covered": 93.26923076923077, "percent_statements_covered_display": "93"}, "missing_lines": [67, 68, 178, 179, 180, 181, 182], "excluded_lines": [], "functions": {"_client": {"executed_lines": [22, 23, 24, 25], "summary": {"covered_lines": 4, "num_statements": 4, "percent_covered": 100.0, "percent_covered_display": "100", "missing_lines": 0, "excluded_lines": 0, "percent_statements_covered": 100.0, "percent_statements_covered_display": "100"}, "missing_lines": [], "excluded_lines": [], "start_line": 21}, "_basic_validate": {"executed_lines": [29, 30, 31, 32, 33, 34, 35, 36, 37, 38, 39, 40, 41, 42, 43, 44, 45, 47], "summary": {"covered_lines": 18, "num_statements": 18, "percent_covered": 100.0, "percent_covered_display": "100", "missing_lines": 0, "excluded_lines": 0, "percent_statements_covered": 100.0, "percent_statements_covered_display": "100"}, "missing_lines": [], "excluded_lines": [], "start_line": 28}, "_dict_lookup": {"executed_lines": [51, 52, 59, 60, 61, 62, 63, 64, 65, 66, 69], "summary": {"covered_lines": 11, "num_statements": 13, "percent_covered": 84.61538461538461, "percent_covered_display": "85", "missing_lines": 2, "excluded_lines": 0, "percent_statements_covered": 84.61538461538461, "percent_statements_covered_display": "85"}, "missing_lines": [67, 68], "excluded_lines": [], "start_line": 50}, "create": {"executed_lines": [79, 80, 81, 82, 84, 85, 86, 87, 88, 89, 91, 94, 97, 98, 99, 101, 102, 104, 105, 106, 107, 109, 110, 120, 121, 122], "summary": {"covered_lines": 26, "num_statements": 26, "percent_covered": 100.0, "percent_covered_display": "100", "missing_lines": 0, "excluded_lines": 0, "percent_statements_covered": 100.0, "percent_statements_covered_display": "100"}, "missing_lines": [], "excluded_lines": [], "start_line": 72}, "get_by_external_id": {"executed_lines": [126], "summary": {"covered_lines": 1, "num_statements": 1, "percent_covered": 100.0, "percent_covered_display": "100", "missing_lines": 0, "excluded_lines": 0, "percent_statements_covered": 100.0, "percent_statements_covered_display": "100"}, "missing_lines": [], "excluded_lines": [], "start_line": 125}, "list_all": {"executed_lines": [132, 133, 134], "summary": {"covered_lines": 3, "num_statements": 3, "percent_covered": 100.0, "percent_covered_display": "100", "missing_lines": 0, "excluded_lines": 0, "percent_statements_covered": 100.0, "percent_statements_covered_display": "100"}, "missing_lines": [], "excluded_lines": [], "start_line": 131}, "get_by_key": {"executed_lines": [149], "summary": {"covered_lines": 1, "num_statements": 1, "percent_covered": 100.0, "percent_covered_display": "100", "missing_lines": 0, "excluded_lines": 0, "percent_statements_covered": 100.0, "percent_statements_covered_display": "100"}, "missing_lines": [], "excluded_lines": [], "start_line": 148}, "check": {"executed_lines": [157, 158, 159, 160, 161, 162, 163, 164, 165], "summary": {"covered_lines": 9, "num_statements": 9, "percent_covered": 100.0, "percent_covered_display": "100", "missing_lines": 0, "excluded_lines": 0, "percent_statements_covered": 100.0, "percent_statements_covered_display": "100"}, "missing_lines": [], "excluded_lines": [], "start_line": 152}, "delete": {"executed_lines": [177], "summary": {"covered_lines": 1, "num_statements": 6, "percent_covered": 16.666666666666668, "percent_covered_display": "17", "missing_lines": 5, "excluded_lines": 0, "percent_statements_covered": 16.666666666666668, "percent_statements_covered_display": "17"}, "missing_lines": [178, 179, 180, 181, 182], "excluded_lines": [], "start_line": 176}, "to_dict": {"executed_lines": [186], "summary": {"covered_lines": 1, "num_statements": 1, "percent_covered": 100.0, "percent_covered_display": "100", "missing_lines": 0, "excluded_lines": 0, "percent_statements_covered": 100.0, "percent_statements_covered_display": "100"}, "missing_lines": [], "excluded_lines": [], "start_line": 185}, "": {"executed_lines": [3, 5, 6, 7, 9, 10, 12, 13, 14, 15, 16, 18, 21, 28, 50, 72, 125, 131, 148, 152, 176, 185], "summary": {"covered_lines": 22, "num_statements": 22, "percent_covered": 100.0, "percent_covered_display": "100", "missing_lines": 0, "excluded_lines": 0, "percent_statements_covered": 100.0, "percent_statements_covered_display": "100"}, "missing_lines": [], "excluded_lines": [], "start_line": 1}}, "classes": {"": {"executed_lines": [3, 5, 6, 7, 9, 10, 12, 13, 14, 15, 16, 18, 21, 22, 23, 24, 25, 28, 29, 30, 31, 32, 33, 34, 35, 36, 37, 38, 39, 40, 41, 42, 43, 44, 45, 47, 50, 51, 52, 59, 60, 61, 62, 63, 64, 65, 66, 69, 72, 79, 80, 81, 82, 84, 85, 86, 87, 88, 89, 91, 94, 97, 98, 99, 101, 102, 104, 105, 106, 107, 109, 110, 120, 121, 122, 125, 126, 131, 132, 133, 134, 148, 149, 152, 157, 158, 159, 160, 161, 162, 163, 164, 165, 176, 177, 185, 186], "summary": {"covered_lines": 97, "num_statements": 104, "percent_covered": 93.26923076923077, "percent_covered_display": "93", "missing_lines": 7, "excluded_lines": 0, "percent_statements_covered": 93.26923076923077, "percent_statements_covered_display": "93"}, "missing_lines": [67, 68, 178, 179, 180, 181, 182], "excluded_lines": [], "start_line": 1}}}, "app/services/security_validator.py": {"executed_lines": [22, 24, 25, 27, 28, 31, 37, 40, 43, 45, 46, 48, 49, 50, 52, 53, 55, 56, 57, 60, 61, 62, 63, 65, 66, 67, 69, 78, 79, 81, 82, 83, 84, 85, 86, 88, 91, 93, 94, 95, 96, 97, 98, 99, 100, 107, 108, 109], "summary": {"covered_lines": 48, "num_statements": 48, "percent_covered": 100.0, "percent_covered_display": "100", "missing_lines": 0, "excluded_lines": 0, "percent_statements_covered": 100.0, "percent_statements_covered_display": "100"}, "missing_lines": [], "excluded_lines": [], "functions": {"validate": {"executed_lines": [45, 46, 48, 49, 50, 52, 53, 55, 56, 57, 60, 61, 62, 63, 65, 66, 67, 69, 78, 79, 81, 82, 83, 84, 85, 86, 88], "summary": {"covered_lines": 27, "num_statements": 27, "percent_covered": 100.0, "percent_covered_display": "100", "missing_lines": 0, "excluded_lines": 0, "percent_statements_covered": 100.0, "percent_statements_covered_display": "100"}, "missing_lines": [], "excluded_lines": [], "start_line": 43}, "decide": {"executed_lines": [93, 94, 95, 96, 97, 98, 99, 100, 107, 108, 109], "summary": {"covered_lines": 11, "num_statements": 11, "percent_covered": 100.0, "percent_covered_display": "100", "missing_lines": 0, "excluded_lines": 0, "percent_statements_covered": 100.0, "percent_statements_covered_display": "100"}, "missing_lines": [], "excluded_lines": [], "start_line": 91}, "": {"executed_lines": [22, 24, 25, 27, 28, 31, 37, 40, 43, 91], "summary": {"covered_lines": 10, "num_statements": 10, "percent_covered": 100.0, "percent_covered_display": "100", "missing_lines": 0, "excluded_lines": 0, "percent_statements_covered": 100.0, "percent_statements_covered_display": "100"}, "missing_lines": [], "excluded_lines": [], "start_line": 1}}, "classes": {"": {"executed_lines": [22, 24, 25, 27, 28, 31, 37, 40, 43, 45, 46, 48, 49, 50, 52, 53, 55, 56, 57, 60, 61, 62, 63, 65, 66, 67, 69, 78, 79, 81, 82, 83, 84, 85, 86, 88, 91, 93, 94, 95, 96, 97, 98, 99, 100, 107, 108, 109], "summary": {"covered_lines": 48, "num_statements": 48, "percent_covered": 100.0, "percent_covered_display": "100", "missing_lines": 0, "excluded_lines": 0, "percent_statements_covered": 100.0, "percent_statements_covered_display": "100"}, "missing_lines": [], "excluded_lines": [], "start_line": 1}}}, "app/utils/__init__.py": {"executed_lines": [], "summary": {"covered_lines": 0, "num_statements": 0, "percent_covered": 100.0, "percent_covered_display": "100", "missing_lines": 0, "excluded_lines": 0, "percent_statements_covered": 100.0, "percent_statements_covered_display": "100"}, "missing_lines": [], "excluded_lines": [], "functions": {"": {"executed_lines": [], "summary": {"covered_lines": 0, "num_statements": 0, "percent_covered": 100.0, "percent_covered_display": "100", "missing_lines": 0, "excluded_lines": 0, "percent_statements_covered": 100.0, "percent_statements_covered_display": "100"}, "missing_lines": [], "excluded_lines": [], "start_line": 1}}, "classes": {"": {"executed_lines": [], "summary": {"covered_lines": 0, "num_statements": 0, "percent_covered": 100.0, "percent_covered_display": "100", "missing_lines": 0, "excluded_lines": 0, "percent_statements_covered": 100.0, "percent_statements_covered_display": "100"}, "missing_lines": [], "excluded_lines": [], "start_line": 1}}}, "app/utils/brcode.py": {"executed_lines": [6, 9, 11, 12, 13, 14, 15, 16, 17, 18, 19, 20, 21, 22, 25, 26, 29, 31, 32, 33, 34, 35, 36, 41, 47, 48, 49, 51, 52, 55, 57, 58, 59, 60, 61, 62, 63, 64, 65, 66, 67, 68, 69, 72, 73, 74, 75, 76, 77, 78, 79, 81], "summary": {"covered_lines": 52, "num_statements": 56, "percent_covered": 92.85714285714286, "percent_covered_display": "93", "missing_lines": 4, "excluded_lines": 0, "percent_statements_covered": 92.85714285714286, "percent_statements_covered_display": "93"}, "missing_lines": [37, 38, 50, 70], "excluded_lines": [], "functions": {"parse_tlv": {"executed_lines": [11, 12, 13, 14, 15, 16, 17, 18, 19, 20, 21, 22], "summary": {"covered_lines": 12, "num_statements": 12, "percent_covered": 100.0, "percent_covered_display": "100", "missing_lines": 0, "excluded_lines": 0, "percent_statements_covered": 100.0, "percent_statements_covered_display": "100"}, "missing_lines": [], "excluded_lines": [], "start_line": 9}, "_parse_nested_tlv": {"executed_lines": [26], "summary": {"covered_lines": 1, "num_statements": 1, "percent_covered": 100.0, "percent_covered_display": "100", "missing_lines": 0, "excluded_lines": 0, "percent_statements_covered": 100.0, "percent_statements_covered_display": "100"}, "missing_lines": [], "excluded_lines": [], "start_line": 25}, "extract_amount": {"executed_lines": [31, 32, 33, 34, 35, 36], "summary": {"covered_lines": 6, "num_statements": 8, "percent_covered": 75.0, "percent_covered_display": "75", "missing_lines": 2, "excluded_lines": 0, "percent_statements_covered": 75.0, "percent_statements_covered_display": "75"}, "missing_lines": [37, 38], "excluded_lines": [], "start_line": 29}, "is_dynamic": {"executed_lines": [47, 48, 49, 51, 52], "summary": {"covered_lines": 5, "num_statements": 6, "percent_covered": 83.33333333333333, "percent_covered_display": "83", "missing_lines": 1, "excluded_lines": 0, "percent_statements_covered": 83.33333333333333, "percent_statements_covered_display": "83"}, "missing_lines": [50], "excluded_lines": [], "start_line": 41}, "analyze": {"executed_lines": [57, 58, 59, 60, 61, 62, 63, 64, 65, 66, 67, 68, 69, 72, 73, 74, 75, 76, 77, 78, 79, 81], "summary": {"covered_lines": 22, "num_statements": 23, "percent_covered": 95.65217391304348, "percent_covered_display": "96", "missing_lines": 1, "excluded_lines": 0, "percent_statements_covered": 95.65217391304348, "percent_statements_covered_display": "96"}, "missing_lines": [70], "excluded_lines": [], "start_line": 55}, "": {"executed_lines": [6, 9, 25, 29, 41, 55], "summary": {"covered_lines": 6, "num_statements": 6, "percent_covered": 100.0, "percent_covered_display": "100", "missing_lines": 0, "excluded_lines": 0, "percent_statements_covered": 100.0, "percent_statements_covered_display": "100"}, "missing_lines": [], "excluded_lines": [], "start_line": 1}}, "classes": {"": {"executed_lines": [6, 9, 11, 12, 13, 14, 15, 16, 17, 18, 19, 20, 21, 22, 25, 26, 29, 31, 32, 33, 34, 35, 36, 41, 47, 48, 49, 51, 52, 55, 57, 58, 59, 60, 61, 62, 63, 64, 65, 66, 67, 68, 69, 72, 73, 74, 75, 76, 77, 78, 79, 81], "summary": {"covered_lines": 52, "num_statements": 56, "percent_covered": 92.85714285714286, "percent_covered_display": "93", "missing_lines": 4, "excluded_lines": 0, "percent_statements_covered": 92.85714285714286, "percent_statements_covered_display": "93"}, "missing_lines": [37, 38, 50, 70], "excluded_lines": [], "start_line": 1}}}, "app/utils/logging.py": {"executed_lines": [3, 5, 7, 10, 12, 23, 26, 28], "summary": {"covered_lines": 8, "num_statements": 8, "percent_covered": 100.0, "percent_covered_display": "100", "missing_lines": 0, "excluded_lines": 0, "percent_statements_covered": 100.0, "percent_statements_covered_display": "100"}, "missing_lines": [], "excluded_lines": [], "functions": {"configure_logging": {"executed_lines": [12], "summary": {"covered_lines": 1, "num_statements": 1, "percent_covered": 100.0, "percent_covered_display": "100", "missing_lines": 0, "excluded_lines": 0, "percent_statements_covered": 100.0, "percent_statements_covered_display": "100"}, "missing_lines": [], "excluded_lines": [], "start_line": 10}, "log_event": {"executed_lines": [28], "summary": {"covered_lines": 1, "num_statements": 1, "percent_covered": 100.0, "percent_covered_display": "100", "missing_lines": 0, "excluded_lines": 0, "percent_statements_covered": 100.0, "percent_statements_covered_display": "100"}, "missing_lines": [], "excluded_lines": [], "start_line": 26}, "": {"executed_lines": [3, 5, 7, 10, 23, 26], "summary": {"covered_lines": 6, "num_statements": 6, "percent_covered": 100.0, "percent_covered_display": "100", "missing_lines": 0, "excluded_lines": 0, "percent_statements_covered": 100.0, "percent_statements_covered_display": "100"}, "missing_lines": [], "excluded_lines": [], "start_line": 1}}, "classes": {"": {"executed_lines": [3, 5, 7, 10, 12, 23, 26, 28], "summary": {"covered_lines": 8, "num_statements": 8, "percent_covered": 100.0, "percent_covered_display": "100", "missing_lines": 0, "excluded_lines": 0, "percent_statements_covered": 100.0, "percent_statements_covered_display": "100"}, "missing_lines": [], "excluded_lines": [], "start_line": 1}}}, "app/utils/net.py": {"executed_lines": [3, 6, 12, 13, 15, 16, 18, 21, 23], "summary": {"covered_lines": 9, "num_statements": 11, "percent_covered": 81.81818181818181, "percent_covered_display": "82", "missing_lines": 2, "excluded_lines": 0, "percent_statements_covered": 81.81818181818181, "percent_statements_covered_display": "82"}, "missing_lines": [14, 17], "excluded_lines": [], "functions": {"client_ip": {"executed_lines": [12, 13, 15, 16, 18], "summary": {"covered_lines": 5, "num_statements": 7, "percent_covered": 71.42857142857143, "percent_covered_display": "71", "missing_lines": 2, "excluded_lines": 0, "percent_statements_covered": 71.42857142857143, "percent_statements_covered_display": "71"}, "missing_lines": [14, 17], "excluded_lines": [], "start_line": 6}, "user_agent": {"executed_lines": [23], "summary": {"covered_lines": 1, "num_statements": 1, "percent_covered": 100.0, "percent_covered_display": "100", "missing_lines": 0, "excluded_lines": 0, "percent_statements_covered": 100.0, "percent_statements_covered_display": "100"}, "missing_lines": [], "excluded_lines": [], "start_line": 21}, "": {"executed_lines": [3, 6, 21], "summary": {"covered_lines": 3, "num_statements": 3, "percent_covered": 100.0, "percent_covered_display": "100", "missing_lines": 0, "excluded_lines": 0, "percent_statements_covered": 100.0, "percent_statements_covered_display": "100"}, "missing_lines": [], "excluded_lines": [], "start_line": 1}}, "classes": {"": {"executed_lines": [3, 6, 12, 13, 15, 16, 18, 21, 23], "summary": {"covered_lines": 9, "num_statements": 11, "percent_covered": 81.81818181818181, "percent_covered_display": "82", "missing_lines": 2, "excluded_lines": 0, "percent_statements_covered": 81.81818181818181, "percent_statements_covered_display": "82"}, "missing_lines": [14, 17], "excluded_lines": [], "start_line": 1}}}}, "totals": {"covered_lines": 1398, "num_statements": 1890, "percent_covered": 73.96825396825396, "percent_covered_display": "74", "missing_lines": 492, "excluded_lines": 0, "percent_statements_covered": 73.96825396825396, "percent_statements_covered_display": "74"}}